2020-07-14 14:39:22.774 [restartedMain] WARN  org.mybatis.spring.mapper.ClassPathMapperScanner - No MyBatis mapper was found in '[com.aioe.test.demo]' package. Please check your configuration.
2020-07-14 14:39:23.857 [restartedMain] WARN  o.s.b.a.o.j.JpaBaseConfiguration$JpaWebConfiguration - spring.jpa.open-in-view is enabled by default. Therefore, database queries may be performed during view rendering. Explicitly configure spring.jpa.open-in-view to disable this warning
2020-07-14 14:42:50.407 [restartedMain] WARN  org.mybatis.spring.mapper.ClassPathMapperScanner - No MyBatis mapper was found in '[com.aioe.test.demo]' package. Please check your configuration.
2020-07-14 14:42:50.708 [restartedMain] WARN  o.s.b.a.o.j.JpaBaseConfiguration$JpaWebConfiguration - spring.jpa.open-in-view is enabled by default. Therefore, database queries may be performed during view rendering. Explicitly configure spring.jpa.open-in-view to disable this warning
2020-07-14 14:43:57.110 [restartedMain] WARN  org.mybatis.spring.mapper.ClassPathMapperScanner - No MyBatis mapper was found in '[com.aioe.test.demo]' package. Please check your configuration.
2020-07-14 14:43:57.333 [restartedMain] WARN  o.s.b.a.o.j.JpaBaseConfiguration$JpaWebConfiguration - spring.jpa.open-in-view is enabled by default. Therefore, database queries may be performed during view rendering. Explicitly configure spring.jpa.open-in-view to disable this warning
2020-07-14 14:46:36.306 [restartedMain] WARN  org.mybatis.spring.mapper.ClassPathMapperScanner - No MyBatis mapper was found in '[com.aioe.test.demo]' package. Please check your configuration.
2020-07-14 14:46:36.659 [restartedMain] WARN  o.s.b.a.o.j.JpaBaseConfiguration$JpaWebConfiguration - spring.jpa.open-in-view is enabled by default. Therefore, database queries may be performed during view rendering. Explicitly configure spring.jpa.open-in-view to disable this warning
2020-07-14 14:46:49.437 [restartedMain] WARN  org.mybatis.spring.mapper.ClassPathMapperScanner - No MyBatis mapper was found in '[com.aioe.test.demo]' package. Please check your configuration.
2020-07-14 14:46:49.653 [restartedMain] WARN  o.s.b.a.o.j.JpaBaseConfiguration$JpaWebConfiguration - spring.jpa.open-in-view is enabled by default. Therefore, database queries may be performed during view rendering. Explicitly configure spring.jpa.open-in-view to disable this warning
2020-07-14 14:49:19.495 [restartedMain] WARN  org.mybatis.spring.mapper.ClassPathMapperScanner - No MyBatis mapper was found in '[com.aioe.test.demo]' package. Please check your configuration.
2020-07-14 14:49:19.687 [restartedMain] WARN  o.s.b.a.o.j.JpaBaseConfiguration$JpaWebConfiguration - spring.jpa.open-in-view is enabled by default. Therefore, database queries may be performed during view rendering. Explicitly configure spring.jpa.open-in-view to disable this warning
2020-07-14 14:50:56.315 [restartedMain] WARN  org.mybatis.spring.mapper.ClassPathMapperScanner - No MyBatis mapper was found in '[com.aioe.test.demo]' package. Please check your configuration.
2020-07-14 14:50:56.489 [restartedMain] WARN  o.s.b.a.o.j.JpaBaseConfiguration$JpaWebConfiguration - spring.jpa.open-in-view is enabled by default. Therefore, database queries may be performed during view rendering. Explicitly configure spring.jpa.open-in-view to disable this warning
2020-07-14 14:51:18.382 [restartedMain] WARN  org.mybatis.spring.mapper.ClassPathMapperScanner - No MyBatis mapper was found in '[com.aioe.test.demo]' package. Please check your configuration.
2020-07-14 14:51:52.910 [restartedMain] WARN  org.mybatis.spring.mapper.ClassPathMapperScanner - No MyBatis mapper was found in '[com.aioe.test.demo]' package. Please check your configuration.
2020-07-14 14:58:22.483 [restartedMain] WARN  org.mybatis.spring.mapper.ClassPathMapperScanner - No MyBatis mapper was found in '[com.aioe.test.demo]' package. Please check your configuration.
2020-07-14 14:59:57.197 [restartedMain] WARN  org.mybatis.spring.mapper.ClassPathMapperScanner - No MyBatis mapper was found in '[com.aioe.test.demo]' package. Please check your configuration.
2020-07-14 15:00:59.623 [restartedMain] WARN  org.mybatis.spring.mapper.ClassPathMapperScanner - No MyBatis mapper was found in '[com.aioe.test.demo]' package. Please check your configuration.
2020-07-14 15:01:28.288 [restartedMain] WARN  org.mybatis.spring.mapper.ClassPathMapperScanner - No MyBatis mapper was found in '[com.aioe.test.demo]' package. Please check your configuration.
2020-07-14 15:02:00.498 [restartedMain] WARN  org.mybatis.spring.mapper.ClassPathMapperScanner - No MyBatis mapper was found in '[com.aioe.test.demo]' package. Please check your configuration.
2020-07-14 15:04:15.358 [restartedMain] WARN  org.mybatis.spring.mapper.ClassPathMapperScanner - No MyBatis mapper was found in '[com.aioe.test.demo]' package. Please check your configuration.
2020-07-14 15:05:36.869 [restartedMain] WARN  org.mybatis.spring.mapper.ClassPathMapperScanner - No MyBatis mapper was found in '[com.aioe.test.demo]' package. Please check your configuration.
2020-07-14 15:05:57.032 [restartedMain] WARN  org.mybatis.spring.mapper.ClassPathMapperScanner - No MyBatis mapper was found in '[com.aioe.test.demo]' package. Please check your configuration.
2020-07-14 15:06:59.552 [restartedMain] WARN  org.mybatis.spring.mapper.ClassPathMapperScanner - No MyBatis mapper was found in '[com.aioe.test.demo]' package. Please check your configuration.
2020-07-14 15:07:32.989 [restartedMain] WARN  org.mybatis.spring.mapper.ClassPathMapperScanner - No MyBatis mapper was found in '[com.aioe.test.demo]' package. Please check your configuration.
2020-07-14 15:08:00.247 [restartedMain] WARN  org.mybatis.spring.mapper.ClassPathMapperScanner - No MyBatis mapper was found in '[com.aioe.test.demo]' package. Please check your configuration.
2020-07-14 15:09:25.241 [restartedMain] WARN  org.mybatis.spring.mapper.ClassPathMapperScanner - No MyBatis mapper was found in '[com.aioe.test.demo]' package. Please check your configuration.
2020-07-14 15:09:28.866 [http-nio-80-exec-3] WARN  o.s.w.s.m.m.a.ExceptionHandlerExceptionResolver - Resolved [java.lang.ArithmeticException: / by zero]
2020-07-14 15:11:06.366 [restartedMain] WARN  org.mybatis.spring.mapper.ClassPathMapperScanner - No MyBatis mapper was found in '[com.aioe.test.demo]' package. Please check your configuration.
2020-07-14 15:24:03.589 [http-nio-80-exec-1] WARN  o.s.w.s.m.m.a.ExceptionHandlerExceptionResolver - Resolved [java.lang.ArithmeticException: / by zero]
2020-07-14 15:24:05.437 [http-nio-80-exec-2] WARN  o.s.w.s.m.m.a.ExceptionHandlerExceptionResolver - Resolved [java.lang.ArithmeticException: / by zero]
2020-07-14 15:24:06.047 [http-nio-80-exec-3] WARN  o.s.w.s.m.m.a.ExceptionHandlerExceptionResolver - Resolved [java.lang.ArithmeticException: / by zero]
2020-07-14 15:24:19.352 [http-nio-80-exec-4] WARN  o.s.w.s.m.m.a.ExceptionHandlerExceptionResolver - Resolved [java.lang.ArithmeticException: / by zero]
2020-07-14 15:24:20.653 [http-nio-80-exec-5] WARN  o.s.w.s.m.m.a.ExceptionHandlerExceptionResolver - Resolved [java.lang.ArithmeticException: / by zero]
2020-07-14 15:24:21.035 [http-nio-80-exec-6] WARN  o.s.w.s.m.m.a.ExceptionHandlerExceptionResolver - Resolved [java.lang.ArithmeticException: / by zero]
2020-07-14 15:24:21.243 [http-nio-80-exec-7] WARN  o.s.w.s.m.m.a.ExceptionHandlerExceptionResolver - Resolved [java.lang.ArithmeticException: / by zero]
2020-07-14 15:26:24.599 [http-nio-80-exec-10] WARN  o.s.w.s.m.m.a.ExceptionHandlerExceptionResolver - Resolved [java.lang.ArithmeticException: / by zero]
2020-07-14 15:27:45.791 [http-nio-80-exec-2] WARN  o.s.w.s.m.m.a.ExceptionHandlerExceptionResolver - Resolved [java.lang.ArithmeticException: / by zero]
2020-07-14 15:29:01.675 [http-nio-80-exec-4] WARN  o.s.w.s.m.m.a.ExceptionHandlerExceptionResolver - Resolved [java.lang.ArithmeticException: / by zero]
2020-07-14 15:29:03.397 [http-nio-80-exec-5] WARN  o.s.w.s.m.m.a.ExceptionHandlerExceptionResolver - Resolved [java.lang.ArithmeticException: / by zero]
2020-07-14 15:29:03.610 [http-nio-80-exec-6] WARN  o.s.w.s.m.m.a.ExceptionHandlerExceptionResolver - Resolved [java.lang.ArithmeticException: / by zero]
2020-07-14 15:29:04.051 [http-nio-80-exec-7] WARN  o.s.w.s.m.m.a.ExceptionHandlerExceptionResolver - Resolved [java.lang.ArithmeticException: / by zero]
2020-07-14 15:29:04.247 [http-nio-80-exec-8] WARN  o.s.w.s.m.m.a.ExceptionHandlerExceptionResolver - Resolved [java.lang.ArithmeticException: / by zero]
2020-07-14 15:29:04.372 [http-nio-80-exec-9] WARN  o.s.w.s.m.m.a.ExceptionHandlerExceptionResolver - Resolved [java.lang.ArithmeticException: / by zero]
2020-07-14 15:29:04.548 [http-nio-80-exec-10] WARN  o.s.w.s.m.m.a.ExceptionHandlerExceptionResolver - Resolved [java.lang.ArithmeticException: / by zero]
2020-07-14 15:29:04.703 [http-nio-80-exec-1] WARN  o.s.w.s.m.m.a.ExceptionHandlerExceptionResolver - Resolved [java.lang.ArithmeticException: / by zero]
2020-07-14 15:31:16.114 [restartedMain] WARN  org.mybatis.spring.mapper.ClassPathMapperScanner - No MyBatis mapper was found in '[com.aioe.test.demo]' package. Please check your configuration.
2020-07-14 15:32:23.765 [restartedMain] WARN  org.mybatis.spring.mapper.ClassPathMapperScanner - No MyBatis mapper was found in '[com.aioe.test.demo]' package. Please check your configuration.
2020-07-14 15:34:15.879 [restartedMain] WARN  org.mybatis.spring.mapper.ClassPathMapperScanner - No MyBatis mapper was found in '[com.aioe.test.demo]' package. Please check your configuration.
2020-07-14 15:35:25.509 [restartedMain] WARN  org.mybatis.spring.mapper.ClassPathMapperScanner - No MyBatis mapper was found in '[com.aioe.test.demo]' package. Please check your configuration.
2020-07-14 15:36:26.124 [restartedMain] WARN  org.mybatis.spring.mapper.ClassPathMapperScanner - No MyBatis mapper was found in '[com.aioe.test.demo]' package. Please check your configuration.
2020-07-14 15:36:54.316 [restartedMain] WARN  org.mybatis.spring.mapper.ClassPathMapperScanner - No MyBatis mapper was found in '[com.aioe.test.demo]' package. Please check your configuration.
2020-07-14 15:37:12.360 [restartedMain] WARN  org.mybatis.spring.mapper.ClassPathMapperScanner - No MyBatis mapper was found in '[com.aioe.test.demo]' package. Please check your configuration.
2020-07-14 15:37:55.607 [restartedMain] WARN  org.mybatis.spring.mapper.ClassPathMapperScanner - No MyBatis mapper was found in '[com.aioe.test.demo]' package. Please check your configuration.
2020-07-14 15:37:56.130 [http-nio-80-exec-1] WARN  o.s.w.s.m.m.a.ExceptionHandlerExceptionResolver - Resolved [com.aioe.test.demo.handler.NotFoundException: 博客不存在 404]
2020-07-14 15:37:57.095 [http-nio-80-exec-2] WARN  o.s.w.s.m.m.a.ExceptionHandlerExceptionResolver - Resolved [com.aioe.test.demo.handler.NotFoundException: 博客不存在 404]
2020-07-14 15:37:57.771 [http-nio-80-exec-3] WARN  o.s.w.s.m.m.a.ExceptionHandlerExceptionResolver - Resolved [com.aioe.test.demo.handler.NotFoundException: 博客不存在 404]
2020-07-14 15:37:58.029 [http-nio-80-exec-4] WARN  o.s.w.s.m.m.a.ExceptionHandlerExceptionResolver - Resolved [com.aioe.test.demo.handler.NotFoundException: 博客不存在 404]
2020-07-14 15:38:34.334 [restartedMain] WARN  org.mybatis.spring.mapper.ClassPathMapperScanner - No MyBatis mapper was found in '[com.aioe.test.demo]' package. Please check your configuration.
2020-07-14 15:39:50.031 [restartedMain] WARN  org.mybatis.spring.mapper.ClassPathMapperScanner - No MyBatis mapper was found in '[com.aioe.test.demo]' package. Please check your configuration.
2020-07-14 15:43:21.750 [restartedMain] WARN  org.mybatis.spring.mapper.ClassPathMapperScanner - No MyBatis mapper was found in '[com.aioe.test.demo]' package. Please check your configuration.
2020-07-14 15:43:29.345 [http-nio-80-exec-1] WARN  o.s.w.s.m.a.ResponseStatusExceptionResolver - Resolved [com.aioe.test.demo.handler.NotFoundException: 博客不存在 404]
2020-07-14 15:48:12.461 [restartedMain] WARN  org.mybatis.spring.mapper.ClassPathMapperScanner - No MyBatis mapper was found in '[com.aioe.test.demo]' package. Please check your configuration.
2020-07-14 15:48:16.610 [restartedMain] WARN  org.mybatis.spring.mapper.ClassPathMapperScanner - No MyBatis mapper was found in '[com.aioe.test.demo]' package. Please check your configuration.
2020-07-14 15:48:36.826 [restartedMain] WARN  org.mybatis.spring.mapper.ClassPathMapperScanner - No MyBatis mapper was found in '[com.aioe.test.demo]' package. Please check your configuration.
2020-07-14 15:52:09.450 [restartedMain] WARN  org.mybatis.spring.mapper.ClassPathMapperScanner - No MyBatis mapper was found in '[com.aioe.test.demo]' package. Please check your configuration.
2020-07-14 15:52:18.082 [restartedMain] WARN  org.mybatis.spring.mapper.ClassPathMapperScanner - No MyBatis mapper was found in '[com.aioe.test.demo]' package. Please check your configuration.
2020-07-14 15:52:37.472 [restartedMain] WARN  org.mybatis.spring.mapper.ClassPathMapperScanner - No MyBatis mapper was found in '[com.aioe.test.demo]' package. Please check your configuration.
2020-07-14 15:52:51.412 [restartedMain] WARN  org.mybatis.spring.mapper.ClassPathMapperScanner - No MyBatis mapper was found in '[com.aioe.test.demo]' package. Please check your configuration.
2020-07-14 15:52:57.459 [restartedMain] WARN  org.mybatis.spring.mapper.ClassPathMapperScanner - No MyBatis mapper was found in '[com.aioe.test.demo]' package. Please check your configuration.
2020-07-14 15:53:54.828 [restartedMain] WARN  org.mybatis.spring.mapper.ClassPathMapperScanner - No MyBatis mapper was found in '[com.aioe.test.demo]' package. Please check your configuration.
2020-07-14 15:54:34.199 [restartedMain] WARN  org.mybatis.spring.mapper.ClassPathMapperScanner - No MyBatis mapper was found in '[com.aioe.test.demo]' package. Please check your configuration.
2020-07-14 15:55:49.819 [restartedMain] WARN  org.mybatis.spring.mapper.ClassPathMapperScanner - No MyBatis mapper was found in '[com.aioe.test.demo]' package. Please check your configuration.
2020-07-14 16:00:26.827 [restartedMain] WARN  org.mybatis.spring.mapper.ClassPathMapperScanner - No MyBatis mapper was found in '[com.aioe.test.demo]' package. Please check your configuration.
2020-07-14 16:01:06.154 [restartedMain] WARN  org.mybatis.spring.mapper.ClassPathMapperScanner - No MyBatis mapper was found in '[com.aioe.test.demo]' package. Please check your configuration.
2020-07-14 16:02:38.962 [restartedMain] WARN  org.mybatis.spring.mapper.ClassPathMapperScanner - No MyBatis mapper was found in '[com.aioe.test.demo]' package. Please check your configuration.
2020-07-14 16:08:20.717 [http-nio-80-exec-1] WARN  o.s.w.s.m.a.ResponseStatusExceptionResolver - Resolved [com.aioe.test.demo.handler.NotFoundException: 博客不存在 404]
2020-07-14 16:08:40.457 [http-nio-80-exec-2] WARN  o.s.w.s.m.a.ResponseStatusExceptionResolver - Resolved [com.aioe.test.demo.handler.NotFoundException: 博客不存在 404]
2020-07-14 16:16:47.960 [restartedMain] WARN  org.mybatis.spring.mapper.ClassPathMapperScanner - No MyBatis mapper was found in '[com.aioe.test.demo]' package. Please check your configuration.
2020-07-14 16:17:37.393 [restartedMain] WARN  org.mybatis.spring.mapper.ClassPathMapperScanner - No MyBatis mapper was found in '[com.aioe.test.demo]' package. Please check your configuration.
2020-07-14 16:18:07.616 [restartedMain] WARN  org.mybatis.spring.mapper.ClassPathMapperScanner - No MyBatis mapper was found in '[com.aioe.test.demo]' package. Please check your configuration.
2020-07-14 16:18:45.483 [restartedMain] WARN  org.mybatis.spring.mapper.ClassPathMapperScanner - No MyBatis mapper was found in '[com.aioe.test.demo]' package. Please check your configuration.
2020-07-14 16:20:07.262 [restartedMain] WARN  org.mybatis.spring.mapper.ClassPathMapperScanner - No MyBatis mapper was found in '[com.aioe.test.demo]' package. Please check your configuration.
2020-07-14 16:21:13.148 [restartedMain] WARN  org.mybatis.spring.mapper.ClassPathMapperScanner - No MyBatis mapper was found in '[com.aioe.test.demo]' package. Please check your configuration.
2020-07-14 16:21:40.489 [restartedMain] WARN  org.mybatis.spring.mapper.ClassPathMapperScanner - No MyBatis mapper was found in '[com.aioe.test.demo]' package. Please check your configuration.
2020-07-14 16:21:55.606 [http-nio-80-exec-3] WARN  o.s.w.s.m.m.a.ExceptionHandlerExceptionResolver - Resolved [org.springframework.web.method.annotation.MethodArgumentTypeMismatchException: Failed to convert value of type 'java.lang.String' to required type 'java.lang.Integer'; nested exception is java.lang.NumberFormatException: For input string: "css"]
2020-07-14 16:21:55.607 [http-nio-80-exec-5] WARN  o.s.w.s.m.m.a.ExceptionHandlerExceptionResolver - Resolved [org.springframework.web.method.annotation.MethodArgumentTypeMismatchException: Failed to convert value of type 'java.lang.String' to required type 'java.lang.Integer'; nested exception is java.lang.NumberFormatException: For input string: "images"]
2020-07-14 16:22:45.365 [http-nio-80-exec-10] WARN  o.s.w.s.m.m.a.ExceptionHandlerExceptionResolver - Resolved [org.springframework.web.method.annotation.MethodArgumentTypeMismatchException: Failed to convert value of type 'java.lang.String' to required type 'java.lang.Integer'; nested exception is java.lang.NumberFormatException: For input string: "css"]
2020-07-14 16:22:45.410 [http-nio-80-exec-3] WARN  o.s.w.s.m.m.a.ExceptionHandlerExceptionResolver - Resolved [org.springframework.web.method.annotation.MethodArgumentTypeMismatchException: Failed to convert value of type 'java.lang.String' to required type 'java.lang.Integer'; nested exception is java.lang.NumberFormatException: For input string: "images"]
2020-07-14 16:24:15.338 [restartedMain] WARN  org.mybatis.spring.mapper.ClassPathMapperScanner - No MyBatis mapper was found in '[com.aioe.test.demo]' package. Please check your configuration.
2020-07-14 16:25:13.810 [restartedMain] WARN  org.mybatis.spring.mapper.ClassPathMapperScanner - No MyBatis mapper was found in '[com.aioe.test.demo]' package. Please check your configuration.
2020-07-14 16:27:29.370 [restartedMain] WARN  org.mybatis.spring.mapper.ClassPathMapperScanner - No MyBatis mapper was found in '[com.aioe.test.demo]' package. Please check your configuration.
2020-07-14 16:32:00.489 [restartedMain] WARN  org.mybatis.spring.mapper.ClassPathMapperScanner - No MyBatis mapper was found in '[com.aioe.test.demo]' package. Please check your configuration.
2020-07-14 16:32:00.717 [restartedMain] WARN  o.s.b.w.s.c.AnnotationConfigServletWebServerApplicationContext - Exception encountered during context initialization - cancelling refresh attempt: org.springframework.context.ApplicationContextException: Unable to start web server; nested exception is org.springframework.beans.factory.BeanCreationException: Error creating bean with name 'tomcatServletWebServerFactory' defined in class path resource [org/springframework/boot/autoconfigure/web/servlet/ServletWebServerFactoryConfiguration$EmbeddedTomcat.class]: BeanPostProcessor before instantiation of bean failed; nested exception is org.springframework.beans.factory.BeanCreationException: Error creating bean with name 'org.springframework.transaction.annotation.ProxyTransactionManagementConfiguration': Initialization of bean failed; nested exception is java.lang.IllegalArgumentException: warning no match for this type name: com.aioe.test.demo [Xlint:invalidAbsoluteTypeName]
2020-07-14 16:33:37.075 [restartedMain] WARN  org.mybatis.spring.mapper.ClassPathMapperScanner - No MyBatis mapper was found in '[com.aioe.test.demo]' package. Please check your configuration.
2020-07-14 16:37:38.400 [restartedMain] WARN  org.mybatis.spring.mapper.ClassPathMapperScanner - No MyBatis mapper was found in '[com.aioe.test.demo]' package. Please check your configuration.
2020-07-14 16:41:02.080 [restartedMain] WARN  org.mybatis.spring.mapper.ClassPathMapperScanner - No MyBatis mapper was found in '[com.aioe.test.demo]' package. Please check your configuration.
2020-07-14 16:41:44.295 [restartedMain] WARN  org.mybatis.spring.mapper.ClassPathMapperScanner - No MyBatis mapper was found in '[com.aioe.test.demo]' package. Please check your configuration.
2020-07-14 16:41:48.555 [restartedMain] WARN  org.mybatis.spring.mapper.ClassPathMapperScanner - No MyBatis mapper was found in '[com.aioe.test.demo]' package. Please check your configuration.
2020-07-14 16:43:37.395 [restartedMain] WARN  org.mybatis.spring.mapper.ClassPathMapperScanner - No MyBatis mapper was found in '[com.aioe.test.demo]' package. Please check your configuration.
2020-07-14 16:44:13.460 [restartedMain] WARN  org.mybatis.spring.mapper.ClassPathMapperScanner - No MyBatis mapper was found in '[com.aioe.test.demo]' package. Please check your configuration.
2020-07-14 16:45:06.184 [restartedMain] WARN  org.mybatis.spring.mapper.ClassPathMapperScanner - No MyBatis mapper was found in '[com.aioe.test.demo]' package. Please check your configuration.
2020-07-14 16:45:39.266 [restartedMain] WARN  org.mybatis.spring.mapper.ClassPathMapperScanner - No MyBatis mapper was found in '[com.aioe.test.demo]' package. Please check your configuration.
2020-07-14 16:45:47.830 [restartedMain] WARN  org.mybatis.spring.mapper.ClassPathMapperScanner - No MyBatis mapper was found in '[com.aioe.test.demo]' package. Please check your configuration.
2020-07-14 16:46:36.570 [restartedMain] WARN  org.mybatis.spring.mapper.ClassPathMapperScanner - No MyBatis mapper was found in '[com.aioe.test.demo]' package. Please check your configuration.
2020-07-14 16:47:51.135 [restartedMain] WARN  org.mybatis.spring.mapper.ClassPathMapperScanner - No MyBatis mapper was found in '[com.aioe.test.demo]' package. Please check your configuration.
2020-07-14 16:50:07.768 [restartedMain] WARN  org.mybatis.spring.mapper.ClassPathMapperScanner - No MyBatis mapper was found in '[com.aioe.test.demo]' package. Please check your configuration.
2020-07-14 16:50:47.179 [restartedMain] WARN  org.mybatis.spring.mapper.ClassPathMapperScanner - No MyBatis mapper was found in '[com.aioe.test.demo]' package. Please check your configuration.
2020-07-14 16:51:08.845 [restartedMain] WARN  org.mybatis.spring.mapper.ClassPathMapperScanner - No MyBatis mapper was found in '[com.aioe.test.demo]' package. Please check your configuration.
2020-07-14 16:51:27.103 [restartedMain] WARN  org.mybatis.spring.mapper.ClassPathMapperScanner - No MyBatis mapper was found in '[com.aioe.test.demo]' package. Please check your configuration.
2020-07-14 16:51:37.892 [restartedMain] WARN  org.mybatis.spring.mapper.ClassPathMapperScanner - No MyBatis mapper was found in '[com.aioe.test.demo]' package. Please check your configuration.
2020-07-14 16:52:21.453 [restartedMain] WARN  org.mybatis.spring.mapper.ClassPathMapperScanner - No MyBatis mapper was found in '[com.aioe.test.demo]' package. Please check your configuration.
2020-07-14 16:52:42.658 [restartedMain] WARN  org.mybatis.spring.mapper.ClassPathMapperScanner - No MyBatis mapper was found in '[com.aioe.test.demo]' package. Please check your configuration.
2020-07-14 16:55:50.560 [restartedMain] WARN  org.mybatis.spring.mapper.ClassPathMapperScanner - No MyBatis mapper was found in '[com.aioe.test.demo]' package. Please check your configuration.
2020-07-14 17:00:18.291 [restartedMain] WARN  org.mybatis.spring.mapper.ClassPathMapperScanner - No MyBatis mapper was found in '[com.aioe.test.demo]' package. Please check your configuration.
2020-07-14 17:00:37.812 [restartedMain] WARN  org.mybatis.spring.mapper.ClassPathMapperScanner - No MyBatis mapper was found in '[com.aioe.test.demo]' package. Please check your configuration.
2020-07-14 17:01:36.170 [restartedMain] WARN  org.mybatis.spring.mapper.ClassPathMapperScanner - No MyBatis mapper was found in '[com.aioe.test.demo]' package. Please check your configuration.
2020-07-14 17:04:27.763 [restartedMain] WARN  org.mybatis.spring.mapper.ClassPathMapperScanner - No MyBatis mapper was found in '[com.aioe.test.demo]' package. Please check your configuration.
