2020-07-20 08:52:17.714 [restartedMain] INFO  com.aioe.test.demo.DemoApplication - Starting DemoApplication on DESKTOP-EP3EVHL with PID 7868 (D:\workspace\idea\PrivateBlog\target\classes started by lwsoft in D:\workspace\idea\PrivateBlog)
2020-07-20 08:52:17.725 [restartedMain] INFO  com.aioe.test.demo.DemoApplication - The following profiles are active: dev
2020-07-20 08:52:17.775 [restartedMain] INFO  o.s.b.d.env.DevToolsPropertyDefaultsPostProcessor - Devtools property defaults active! Set 'spring.devtools.add-properties' to 'false' to disable
2020-07-20 08:52:17.775 [restartedMain] INFO  o.s.b.d.env.DevToolsPropertyDefaultsPostProcessor - For additional web related logging consider setting the 'logging.level.web' property to 'DEBUG'
2020-07-20 08:52:19.383 [restartedMain] INFO  o.s.boot.web.embedded.tomcat.TomcatWebServer - Tomcat initialized with port(s): 8081 (http)
2020-07-20 08:52:19.395 [restartedMain] INFO  org.apache.coyote.http11.Http11NioProtocol - Initializing ProtocolHandler ["http-nio-8081"]
2020-07-20 08:52:19.396 [restartedMain] INFO  org.apache.catalina.core.StandardService - Starting service [Tomcat]
2020-07-20 08:52:19.396 [restartedMain] INFO  org.apache.catalina.core.StandardEngine - Starting Servlet engine: [Apache Tomcat/9.0.35]
2020-07-20 08:52:19.487 [restartedMain] INFO  o.a.c.core.ContainerBase.[Tomcat].[localhost].[/] - Initializing Spring embedded WebApplicationContext
2020-07-20 08:52:19.487 [restartedMain] INFO  org.springframework.web.context.ContextLoader - Root WebApplicationContext: initialization completed in 1711 ms
2020-07-20 08:52:20.273 [restartedMain] INFO  o.s.scheduling.concurrent.ThreadPoolTaskExecutor - Initializing ExecutorService 'applicationTaskExecutor'
2020-07-20 08:52:20.367 [restartedMain] INFO  o.s.b.a.web.servlet.WelcomePageHandlerMapping - Adding welcome page template: index
2020-07-20 08:52:20.625 [restartedMain] INFO  o.s.b.d.autoconfigure.OptionalLiveReloadServer - LiveReload server is running on port 35729
2020-07-20 08:52:20.642 [restartedMain] INFO  org.apache.coyote.http11.Http11NioProtocol - Starting ProtocolHandler ["http-nio-8081"]
2020-07-20 08:52:20.699 [restartedMain] INFO  o.s.boot.web.embedded.tomcat.TomcatWebServer - Tomcat started on port(s): 8081 (http) with context path ''
2020-07-20 08:52:20.762 [restartedMain] INFO  com.aioe.test.demo.DemoApplication - Started DemoApplication in 3.763 seconds (JVM running for 6.29)
2020-07-20 14:24:31.936 [restartedMain] INFO  com.aioe.test.demo.DemoApplication - Starting DemoApplication on DESKTOP-EP3EVHL with PID 9916 (D:\workspace\idea\PrivateBlog\target\classes started by lwsoft in D:\workspace\idea\PrivateBlog)
2020-07-20 14:24:31.947 [restartedMain] INFO  com.aioe.test.demo.DemoApplication - The following profiles are active: dev
2020-07-20 14:24:31.996 [restartedMain] INFO  o.s.b.d.env.DevToolsPropertyDefaultsPostProcessor - Devtools property defaults active! Set 'spring.devtools.add-properties' to 'false' to disable
2020-07-20 14:24:31.997 [restartedMain] INFO  o.s.b.d.env.DevToolsPropertyDefaultsPostProcessor - For additional web related logging consider setting the 'logging.level.web' property to 'DEBUG'
2020-07-20 14:24:33.054 [restartedMain] INFO  o.s.d.r.config.RepositoryConfigurationDelegate - Multiple Spring Data modules found, entering strict repository configuration mode!
2020-07-20 14:24:33.057 [restartedMain] INFO  o.s.d.r.config.RepositoryConfigurationDelegate - Bootstrapping Spring Data Redis repositories in DEFAULT mode.
2020-07-20 14:24:33.092 [restartedMain] INFO  o.s.d.r.config.RepositoryConfigurationDelegate - Finished Spring Data repository scanning in 18ms. Found 0 Redis repository interfaces.
2020-07-20 14:24:34.029 [restartedMain] INFO  o.s.boot.web.embedded.tomcat.TomcatWebServer - Tomcat initialized with port(s): 80 (http)
2020-07-20 14:24:34.051 [restartedMain] INFO  org.apache.coyote.http11.Http11NioProtocol - Initializing ProtocolHandler ["http-nio-80"]
2020-07-20 14:24:34.051 [restartedMain] INFO  org.apache.catalina.core.StandardService - Starting service [Tomcat]
2020-07-20 14:24:34.051 [restartedMain] INFO  org.apache.catalina.core.StandardEngine - Starting Servlet engine: [Apache Tomcat/9.0.35]
2020-07-20 14:24:34.159 [restartedMain] INFO  o.a.c.core.ContainerBase.[Tomcat].[localhost].[/] - Initializing Spring embedded WebApplicationContext
2020-07-20 14:24:34.159 [restartedMain] INFO  org.springframework.web.context.ContextLoader - Root WebApplicationContext: initialization completed in 2162 ms
2020-07-20 14:24:34.961 [restartedMain] INFO  o.s.scheduling.concurrent.ThreadPoolTaskExecutor - Initializing ExecutorService 'applicationTaskExecutor'
2020-07-20 14:24:35.054 [restartedMain] INFO  o.s.b.a.web.servlet.WelcomePageHandlerMapping - Adding welcome page template: index
2020-07-20 14:24:36.224 [restartedMain] INFO  o.s.b.d.autoconfigure.OptionalLiveReloadServer - LiveReload server is running on port 35729
2020-07-20 14:24:36.242 [restartedMain] INFO  org.apache.coyote.http11.Http11NioProtocol - Starting ProtocolHandler ["http-nio-80"]
2020-07-20 14:24:36.270 [restartedMain] INFO  o.s.scheduling.concurrent.ThreadPoolTaskExecutor - Shutting down ExecutorService 'applicationTaskExecutor'
2020-07-20 14:24:36.272 [restartedMain] INFO  org.apache.coyote.http11.Http11NioProtocol - Pausing ProtocolHandler ["http-nio-80"]
2020-07-20 14:24:36.272 [restartedMain] INFO  org.apache.catalina.core.StandardService - Stopping service [Tomcat]
2020-07-20 14:24:36.282 [restartedMain] INFO  org.apache.coyote.http11.Http11NioProtocol - Stopping ProtocolHandler ["http-nio-80"]
2020-07-20 14:24:36.283 [restartedMain] INFO  org.apache.coyote.http11.Http11NioProtocol - Destroying ProtocolHandler ["http-nio-80"]
2020-07-20 14:24:36.289 [restartedMain] INFO  o.s.b.a.l.ConditionEvaluationReportLoggingListener - 

Error starting ApplicationContext. To display the conditions report re-run your application with 'debug' enabled.
2020-07-20 14:24:58.850 [restartedMain] INFO  com.aioe.test.demo.DemoApplication - Starting DemoApplication on DESKTOP-EP3EVHL with PID 7324 (D:\workspace\idea\PrivateBlog\target\classes started by lwsoft in D:\workspace\idea\PrivateBlog)
2020-07-20 14:24:58.854 [restartedMain] INFO  com.aioe.test.demo.DemoApplication - The following profiles are active: dev
2020-07-20 14:24:58.919 [restartedMain] INFO  o.s.b.d.env.DevToolsPropertyDefaultsPostProcessor - Devtools property defaults active! Set 'spring.devtools.add-properties' to 'false' to disable
2020-07-20 14:24:58.920 [restartedMain] INFO  o.s.b.d.env.DevToolsPropertyDefaultsPostProcessor - For additional web related logging consider setting the 'logging.level.web' property to 'DEBUG'
2020-07-20 14:24:59.585 [restartedMain] INFO  o.s.d.r.config.RepositoryConfigurationDelegate - Multiple Spring Data modules found, entering strict repository configuration mode!
2020-07-20 14:24:59.587 [restartedMain] INFO  o.s.d.r.config.RepositoryConfigurationDelegate - Bootstrapping Spring Data Redis repositories in DEFAULT mode.
2020-07-20 14:24:59.613 [restartedMain] INFO  o.s.d.r.config.RepositoryConfigurationDelegate - Finished Spring Data repository scanning in 14ms. Found 0 Redis repository interfaces.
2020-07-20 14:25:00.355 [restartedMain] INFO  o.s.boot.web.embedded.tomcat.TomcatWebServer - Tomcat initialized with port(s): 80 (http)
2020-07-20 14:25:00.373 [restartedMain] INFO  org.apache.coyote.http11.Http11NioProtocol - Initializing ProtocolHandler ["http-nio-80"]
2020-07-20 14:25:00.373 [restartedMain] INFO  org.apache.catalina.core.StandardService - Starting service [Tomcat]
2020-07-20 14:25:00.373 [restartedMain] INFO  org.apache.catalina.core.StandardEngine - Starting Servlet engine: [Apache Tomcat/9.0.35]
2020-07-20 14:25:00.467 [restartedMain] INFO  o.a.c.core.ContainerBase.[Tomcat].[localhost].[/] - Initializing Spring embedded WebApplicationContext
2020-07-20 14:25:00.468 [restartedMain] INFO  org.springframework.web.context.ContextLoader - Root WebApplicationContext: initialization completed in 1547 ms
2020-07-20 14:25:01.083 [restartedMain] INFO  o.s.scheduling.concurrent.ThreadPoolTaskExecutor - Initializing ExecutorService 'applicationTaskExecutor'
2020-07-20 14:25:01.167 [restartedMain] INFO  o.s.b.a.web.servlet.WelcomePageHandlerMapping - Adding welcome page template: index
2020-07-20 14:25:02.245 [restartedMain] INFO  o.s.b.d.autoconfigure.OptionalLiveReloadServer - LiveReload server is running on port 35729
2020-07-20 14:25:02.261 [restartedMain] INFO  org.apache.coyote.http11.Http11NioProtocol - Starting ProtocolHandler ["http-nio-80"]
2020-07-20 14:25:02.282 [restartedMain] INFO  o.s.boot.web.embedded.tomcat.TomcatWebServer - Tomcat started on port(s): 80 (http) with context path ''
2020-07-20 14:25:02.292 [restartedMain] INFO  com.aioe.test.demo.DemoApplication - Started DemoApplication in 4.036 seconds (JVM running for 5.305)
2020-07-20 14:25:18.206 [http-nio-80-exec-1] INFO  o.a.c.core.ContainerBase.[Tomcat].[localhost].[/] - Initializing Spring DispatcherServlet 'dispatcherServlet'
2020-07-20 14:25:18.206 [http-nio-80-exec-1] INFO  org.springframework.web.servlet.DispatcherServlet - Initializing Servlet 'dispatcherServlet'
2020-07-20 14:25:18.217 [http-nio-80-exec-1] INFO  org.springframework.web.servlet.DispatcherServlet - Completed initialization in 11 ms
2020-07-20 14:25:18.252 [http-nio-80-exec-1] INFO  com.aioe.test.demo.aspect.LogAspect - result:{url='/', ip='0:0:0:0:0:0:0:1', classMethod='com.aioe.test.demo.controller.IndexController.index', args=[]}
2020-07-20 14:25:18.256 [http-nio-80-exec-1] INFO  com.aioe.test.demo.aspect.LogAspect - --------doAfter---------
2020-07-20 14:25:18.257 [http-nio-80-exec-1] INFO  com.aioe.test.demo.aspect.LogAspect - result:{}index
2020-07-20 14:25:21.055 [http-nio-80-exec-5] INFO  com.aioe.test.demo.aspect.LogAspect - result:{url='/', ip='127.0.0.1', classMethod='com.aioe.test.demo.controller.IndexController.index', args=[]}
2020-07-20 14:25:21.056 [http-nio-80-exec-5] INFO  com.aioe.test.demo.aspect.LogAspect - --------doAfter---------
2020-07-20 14:25:21.056 [http-nio-80-exec-5] INFO  com.aioe.test.demo.aspect.LogAspect - result:{}index
2020-07-20 14:42:03.476 [http-nio-80-exec-9] INFO  com.zaxxer.hikari.HikariDataSource - HikariPool-1 - Starting...
2020-07-20 14:42:03.695 [http-nio-80-exec-9] INFO  com.zaxxer.hikari.HikariDataSource - HikariPool-1 - Start completed.
2020-07-20 15:11:31.938 [Thread-197] INFO  o.s.scheduling.concurrent.ThreadPoolTaskExecutor - Shutting down ExecutorService 'applicationTaskExecutor'
2020-07-20 15:11:31.939 [Thread-197] INFO  com.zaxxer.hikari.HikariDataSource - HikariPool-1 - Shutdown initiated...
2020-07-20 15:11:31.979 [Thread-197] INFO  com.zaxxer.hikari.HikariDataSource - HikariPool-1 - Shutdown completed.
2020-07-20 15:11:32.326 [restartedMain] INFO  com.aioe.test.demo.DemoApplication - Starting DemoApplication on DESKTOP-EP3EVHL with PID 7324 (D:\workspace\idea\PrivateBlog\target\classes started by lwsoft in D:\workspace\idea\PrivateBlog)
2020-07-20 15:11:32.326 [restartedMain] INFO  com.aioe.test.demo.DemoApplication - The following profiles are active: dev
2020-07-20 15:11:32.662 [restartedMain] INFO  o.s.d.r.config.RepositoryConfigurationDelegate - Multiple Spring Data modules found, entering strict repository configuration mode!
2020-07-20 15:11:32.663 [restartedMain] INFO  o.s.d.r.config.RepositoryConfigurationDelegate - Bootstrapping Spring Data Redis repositories in DEFAULT mode.
2020-07-20 15:11:32.668 [restartedMain] INFO  o.s.d.r.config.RepositoryConfigurationDelegate - Finished Spring Data repository scanning in 4ms. Found 0 Redis repository interfaces.
2020-07-20 15:11:33.222 [restartedMain] INFO  o.s.boot.web.embedded.tomcat.TomcatWebServer - Tomcat initialized with port(s): 80 (http)
2020-07-20 15:11:33.223 [restartedMain] INFO  org.apache.coyote.http11.Http11NioProtocol - Initializing ProtocolHandler ["http-nio-80"]
2020-07-20 15:11:33.224 [restartedMain] INFO  org.apache.catalina.core.StandardService - Starting service [Tomcat]
2020-07-20 15:11:33.224 [restartedMain] INFO  org.apache.catalina.core.StandardEngine - Starting Servlet engine: [Apache Tomcat/9.0.35]
2020-07-20 15:11:33.275 [restartedMain] INFO  o.a.c.core.ContainerBase.[Tomcat].[localhost].[/] - Initializing Spring embedded WebApplicationContext
2020-07-20 15:11:33.275 [restartedMain] INFO  org.springframework.web.context.ContextLoader - Root WebApplicationContext: initialization completed in 943 ms
2020-07-20 15:11:33.333 [restartedMain] INFO  org.apache.catalina.core.StandardService - Stopping service [Tomcat]
2020-07-20 15:11:33.356 [restartedMain] INFO  o.s.b.a.l.ConditionEvaluationReportLoggingListener - 

Error starting ApplicationContext. To display the conditions report re-run your application with 'debug' enabled.
2020-07-20 15:19:12.444 [restartedMain] INFO  com.aioe.test.demo.DemoApplication - Starting DemoApplication on DESKTOP-EP3EVHL with PID 7324 (D:\workspace\idea\PrivateBlog\target\classes started by lwsoft in D:\workspace\idea\PrivateBlog)
2020-07-20 15:19:12.444 [restartedMain] INFO  com.aioe.test.demo.DemoApplication - The following profiles are active: dev
2020-07-20 15:19:12.745 [restartedMain] INFO  o.s.d.r.config.RepositoryConfigurationDelegate - Multiple Spring Data modules found, entering strict repository configuration mode!
2020-07-20 15:19:12.746 [restartedMain] INFO  o.s.d.r.config.RepositoryConfigurationDelegate - Bootstrapping Spring Data Redis repositories in DEFAULT mode.
2020-07-20 15:19:12.751 [restartedMain] INFO  o.s.d.r.config.RepositoryConfigurationDelegate - Finished Spring Data repository scanning in 4ms. Found 0 Redis repository interfaces.
2020-07-20 15:19:13.073 [restartedMain] INFO  o.s.boot.web.embedded.tomcat.TomcatWebServer - Tomcat initialized with port(s): 80 (http)
2020-07-20 15:19:13.074 [restartedMain] INFO  org.apache.coyote.http11.Http11NioProtocol - Initializing ProtocolHandler ["http-nio-80"]
2020-07-20 15:19:13.075 [restartedMain] INFO  org.apache.catalina.core.StandardService - Starting service [Tomcat]
2020-07-20 15:19:13.075 [restartedMain] INFO  org.apache.catalina.core.StandardEngine - Starting Servlet engine: [Apache Tomcat/9.0.35]
2020-07-20 15:19:13.100 [restartedMain] INFO  o.a.c.c.ContainerBase.[Tomcat-1].[localhost].[/] - Initializing Spring embedded WebApplicationContext
2020-07-20 15:19:13.101 [restartedMain] INFO  org.springframework.web.context.ContextLoader - Root WebApplicationContext: initialization completed in 654 ms
2020-07-20 15:19:13.128 [restartedMain] INFO  org.apache.catalina.core.StandardService - Stopping service [Tomcat]
2020-07-20 15:19:13.135 [restartedMain] INFO  o.s.b.a.l.ConditionEvaluationReportLoggingListener - 

Error starting ApplicationContext. To display the conditions report re-run your application with 'debug' enabled.
2020-07-20 15:19:46.026 [restartedMain] INFO  com.aioe.test.demo.DemoApplication - Starting DemoApplication on DESKTOP-EP3EVHL with PID 7324 (D:\workspace\idea\PrivateBlog\target\classes started by lwsoft in D:\workspace\idea\PrivateBlog)
2020-07-20 15:19:46.027 [restartedMain] INFO  com.aioe.test.demo.DemoApplication - The following profiles are active: dev
2020-07-20 15:19:48.071 [restartedMain] INFO  o.s.d.r.config.RepositoryConfigurationDelegate - Multiple Spring Data modules found, entering strict repository configuration mode!
2020-07-20 15:19:48.071 [restartedMain] INFO  o.s.d.r.config.RepositoryConfigurationDelegate - Bootstrapping Spring Data Redis repositories in DEFAULT mode.
2020-07-20 15:19:48.076 [restartedMain] INFO  o.s.d.r.config.RepositoryConfigurationDelegate - Finished Spring Data repository scanning in 5ms. Found 0 Redis repository interfaces.
2020-07-20 15:19:48.458 [restartedMain] INFO  o.s.boot.web.embedded.tomcat.TomcatWebServer - Tomcat initialized with port(s): 80 (http)
2020-07-20 15:19:48.459 [restartedMain] INFO  org.apache.coyote.http11.Http11NioProtocol - Initializing ProtocolHandler ["http-nio-80"]
2020-07-20 15:19:48.459 [restartedMain] INFO  org.apache.catalina.core.StandardService - Starting service [Tomcat]
2020-07-20 15:19:48.459 [restartedMain] INFO  org.apache.catalina.core.StandardEngine - Starting Servlet engine: [Apache Tomcat/9.0.35]
2020-07-20 15:19:48.492 [restartedMain] INFO  o.a.c.c.ContainerBase.[Tomcat-2].[localhost].[/] - Initializing Spring embedded WebApplicationContext
2020-07-20 15:19:48.492 [restartedMain] INFO  org.springframework.web.context.ContextLoader - Root WebApplicationContext: initialization completed in 2463 ms
2020-07-20 15:19:48.930 [restartedMain] INFO  o.s.scheduling.concurrent.ThreadPoolTaskExecutor - Initializing ExecutorService 'applicationTaskExecutor'
2020-07-20 15:19:48.998 [restartedMain] INFO  o.s.b.a.web.servlet.WelcomePageHandlerMapping - Adding welcome page template: index
2020-07-20 15:19:50.213 [restartedMain] INFO  o.s.b.d.autoconfigure.OptionalLiveReloadServer - LiveReload server is running on port 35729
2020-07-20 15:19:50.228 [restartedMain] INFO  org.apache.coyote.http11.Http11NioProtocol - Starting ProtocolHandler ["http-nio-80"]
2020-07-20 15:19:50.232 [restartedMain] INFO  o.s.boot.web.embedded.tomcat.TomcatWebServer - Tomcat started on port(s): 80 (http) with context path ''
2020-07-20 15:19:50.314 [restartedMain] INFO  com.aioe.test.demo.DemoApplication - Started DemoApplication in 4.352 seconds (JVM running for 3293.327)
2020-07-20 15:19:50.316 [restartedMain] INFO  o.s.b.d.a.ConditionEvaluationDeltaLoggingListener - Condition evaluation unchanged
2020-07-20 15:20:16.279 [Thread-204] INFO  o.s.scheduling.concurrent.ThreadPoolTaskExecutor - Shutting down ExecutorService 'applicationTaskExecutor'
2020-07-20 15:20:16.548 [restartedMain] INFO  com.aioe.test.demo.DemoApplication - Starting DemoApplication on DESKTOP-EP3EVHL with PID 7324 (D:\workspace\idea\PrivateBlog\target\classes started by lwsoft in D:\workspace\idea\PrivateBlog)
2020-07-20 15:20:16.549 [restartedMain] INFO  com.aioe.test.demo.DemoApplication - The following profiles are active: dev
2020-07-20 15:20:17.826 [restartedMain] INFO  o.s.d.r.config.RepositoryConfigurationDelegate - Multiple Spring Data modules found, entering strict repository configuration mode!
2020-07-20 15:20:17.826 [restartedMain] INFO  o.s.d.r.config.RepositoryConfigurationDelegate - Bootstrapping Spring Data Redis repositories in DEFAULT mode.
2020-07-20 15:20:17.832 [restartedMain] INFO  o.s.d.r.config.RepositoryConfigurationDelegate - Finished Spring Data repository scanning in 5ms. Found 0 Redis repository interfaces.
2020-07-20 15:20:18.355 [restartedMain] INFO  o.s.boot.web.embedded.tomcat.TomcatWebServer - Tomcat initialized with port(s): 80 (http)
2020-07-20 15:20:18.356 [restartedMain] INFO  org.apache.coyote.http11.Http11NioProtocol - Initializing ProtocolHandler ["http-nio-80"]
2020-07-20 15:20:18.356 [restartedMain] INFO  org.apache.catalina.core.StandardService - Starting service [Tomcat]
2020-07-20 15:20:18.357 [restartedMain] INFO  org.apache.catalina.core.StandardEngine - Starting Servlet engine: [Apache Tomcat/9.0.35]
2020-07-20 15:20:18.395 [restartedMain] INFO  o.a.c.c.ContainerBase.[Tomcat-2].[localhost].[/] - Initializing Spring embedded WebApplicationContext
2020-07-20 15:20:18.395 [restartedMain] INFO  org.springframework.web.context.ContextLoader - Root WebApplicationContext: initialization completed in 1842 ms
2020-07-20 15:20:18.788 [restartedMain] INFO  o.s.scheduling.concurrent.ThreadPoolTaskExecutor - Initializing ExecutorService 'applicationTaskExecutor'
2020-07-20 15:20:18.833 [restartedMain] INFO  o.s.b.a.web.servlet.WelcomePageHandlerMapping - Adding welcome page template: index
2020-07-20 15:20:19.207 [restartedMain] INFO  o.s.b.d.autoconfigure.OptionalLiveReloadServer - LiveReload server is running on port 35729
2020-07-20 15:20:19.217 [restartedMain] INFO  org.apache.coyote.http11.Http11NioProtocol - Starting ProtocolHandler ["http-nio-80"]
2020-07-20 15:20:19.221 [restartedMain] INFO  o.s.boot.web.embedded.tomcat.TomcatWebServer - Tomcat started on port(s): 80 (http) with context path ''
2020-07-20 15:20:19.224 [restartedMain] INFO  com.aioe.test.demo.DemoApplication - Started DemoApplication in 2.718 seconds (JVM running for 3322.237)
2020-07-20 15:20:19.226 [restartedMain] INFO  o.s.b.d.a.ConditionEvaluationDeltaLoggingListener - Condition evaluation unchanged
