2020-07-17 09:22:41.790 [restartedMain] INFO  com.aioe.test.demo.DemoApplication - Starting DemoApplication on DESKTOP-EP3EVHL with PID 5756 (D:\workspace\idea\PrivateBlog\target\classes started by lwsoft in D:\workspace\idea\PrivateBlog)
2020-07-17 09:22:41.794 [restartedMain] INFO  com.aioe.test.demo.DemoApplication - The following profiles are active: dev
2020-07-17 09:22:41.843 [restartedMain] INFO  o.s.b.d.env.DevToolsPropertyDefaultsPostProcessor - Devtools property defaults active! Set 'spring.devtools.add-properties' to 'false' to disable
2020-07-17 09:22:41.843 [restartedMain] INFO  o.s.b.d.env.DevToolsPropertyDefaultsPostProcessor - For additional web related logging consider setting the 'logging.level.web' property to 'DEBUG'
2020-07-17 09:22:43.738 [restartedMain] INFO  o.s.boot.web.embedded.tomcat.TomcatWebServer - Tomcat initialized with port(s): 80 (http)
2020-07-17 09:22:43.749 [restartedMain] INFO  org.apache.coyote.http11.Http11NioProtocol - Initializing ProtocolHandler ["http-nio-80"]
2020-07-17 09:22:43.750 [restartedMain] INFO  org.apache.catalina.core.StandardService - Starting service [Tomcat]
2020-07-17 09:22:43.750 [restartedMain] INFO  org.apache.catalina.core.StandardEngine - Starting Servlet engine: [Apache Tomcat/9.0.35]
2020-07-17 09:22:43.848 [restartedMain] INFO  o.a.c.core.ContainerBase.[Tomcat].[localhost].[/] - Initializing Spring embedded WebApplicationContext
2020-07-17 09:22:43.849 [restartedMain] INFO  org.springframework.web.context.ContextLoader - Root WebApplicationContext: initialization completed in 2005 ms
2020-07-17 09:22:44.577 [restartedMain] INFO  o.s.scheduling.concurrent.ThreadPoolTaskExecutor - Initializing ExecutorService 'applicationTaskExecutor'
2020-07-17 09:22:44.672 [restartedMain] INFO  o.s.b.a.web.servlet.WelcomePageHandlerMapping - Adding welcome page template: index
2020-07-17 09:22:44.956 [restartedMain] INFO  o.s.b.d.autoconfigure.OptionalLiveReloadServer - LiveReload server is running on port 35729
2020-07-17 09:22:44.975 [restartedMain] INFO  org.apache.coyote.http11.Http11NioProtocol - Starting ProtocolHandler ["http-nio-80"]
2020-07-17 09:22:44.994 [restartedMain] INFO  o.s.boot.web.embedded.tomcat.TomcatWebServer - Tomcat started on port(s): 80 (http) with context path ''
2020-07-17 09:22:45.025 [restartedMain] INFO  com.aioe.test.demo.DemoApplication - Started DemoApplication in 4.083 seconds (JVM running for 6.327)
2020-07-17 09:23:59.100 [Thread-176] INFO  o.s.scheduling.concurrent.ThreadPoolTaskExecutor - Shutting down ExecutorService 'applicationTaskExecutor'
2020-07-17 09:23:59.375 [restartedMain] INFO  com.aioe.test.demo.DemoApplication - Starting DemoApplication on DESKTOP-EP3EVHL with PID 5756 (D:\workspace\idea\PrivateBlog\target\classes started by lwsoft in D:\workspace\idea\PrivateBlog)
2020-07-17 09:23:59.376 [restartedMain] INFO  com.aioe.test.demo.DemoApplication - The following profiles are active: dev
2020-07-17 09:24:00.758 [restartedMain] INFO  o.s.boot.web.embedded.tomcat.TomcatWebServer - Tomcat initialized with port(s): 80 (http)
2020-07-17 09:24:00.762 [restartedMain] INFO  org.apache.coyote.http11.Http11NioProtocol - Initializing ProtocolHandler ["http-nio-80"]
2020-07-17 09:24:00.765 [restartedMain] INFO  org.apache.catalina.core.StandardService - Starting service [Tomcat]
2020-07-17 09:24:00.766 [restartedMain] INFO  org.apache.catalina.core.StandardEngine - Starting Servlet engine: [Apache Tomcat/9.0.35]
2020-07-17 09:24:00.948 [restartedMain] INFO  o.a.c.core.ContainerBase.[Tomcat].[localhost].[/] - Initializing Spring embedded WebApplicationContext
2020-07-17 09:24:00.949 [restartedMain] INFO  org.springframework.web.context.ContextLoader - Root WebApplicationContext: initialization completed in 1571 ms
2020-07-17 09:24:01.087 [restartedMain] INFO  o.s.scheduling.concurrent.ThreadPoolTaskExecutor - Initializing ExecutorService 'applicationTaskExecutor'
2020-07-17 09:24:01.104 [restartedMain] INFO  o.s.b.a.web.servlet.WelcomePageHandlerMapping - Adding welcome page template: index
2020-07-17 09:24:01.228 [restartedMain] INFO  o.s.scheduling.concurrent.ThreadPoolTaskExecutor - Shutting down ExecutorService 'applicationTaskExecutor'
2020-07-17 09:24:01.229 [restartedMain] INFO  org.apache.catalina.core.StandardService - Stopping service [Tomcat]
2020-07-17 09:24:01.235 [restartedMain] INFO  o.s.b.a.l.ConditionEvaluationReportLoggingListener - 

Error starting ApplicationContext. To display the conditions report re-run your application with 'debug' enabled.
2020-07-17 09:24:03.379 [restartedMain] INFO  com.aioe.test.demo.DemoApplication - Starting DemoApplication on DESKTOP-EP3EVHL with PID 5756 (D:\workspace\idea\PrivateBlog\target\classes started by lwsoft in D:\workspace\idea\PrivateBlog)
2020-07-17 09:24:03.380 [restartedMain] INFO  com.aioe.test.demo.DemoApplication - The following profiles are active: dev
2020-07-17 09:24:04.664 [restartedMain] INFO  o.s.boot.web.embedded.tomcat.TomcatWebServer - Tomcat initialized with port(s): 80 (http)
2020-07-17 09:24:04.784 [restartedMain] INFO  org.apache.coyote.http11.Http11NioProtocol - Initializing ProtocolHandler ["http-nio-80"]
2020-07-17 09:24:04.854 [restartedMain] INFO  org.apache.catalina.core.StandardService - Starting service [Tomcat]
2020-07-17 09:24:04.931 [restartedMain] INFO  org.apache.catalina.core.StandardEngine - Starting Servlet engine: [Apache Tomcat/9.0.35]
2020-07-17 09:24:05.095 [restartedMain] INFO  o.a.c.c.ContainerBase.[Tomcat-1].[localhost].[/] - Initializing Spring embedded WebApplicationContext
2020-07-17 09:24:05.095 [restartedMain] INFO  org.springframework.web.context.ContextLoader - Root WebApplicationContext: initialization completed in 1713 ms
2020-07-17 09:24:05.387 [restartedMain] INFO  o.s.scheduling.concurrent.ThreadPoolTaskExecutor - Initializing ExecutorService 'applicationTaskExecutor'
2020-07-17 09:24:05.545 [restartedMain] INFO  o.s.b.a.web.servlet.WelcomePageHandlerMapping - Adding welcome page template: index
2020-07-17 09:24:05.715 [restartedMain] INFO  o.s.b.d.autoconfigure.OptionalLiveReloadServer - LiveReload server is running on port 35729
2020-07-17 09:24:05.769 [restartedMain] INFO  org.apache.coyote.http11.Http11NioProtocol - Starting ProtocolHandler ["http-nio-80"]
2020-07-17 09:24:05.833 [restartedMain] INFO  o.s.boot.web.embedded.tomcat.TomcatWebServer - Tomcat started on port(s): 80 (http) with context path ''
2020-07-17 09:24:05.941 [restartedMain] INFO  com.aioe.test.demo.DemoApplication - Started DemoApplication in 2.616 seconds (JVM running for 87.242)
2020-07-17 09:24:06.045 [restartedMain] INFO  o.s.b.d.a.ConditionEvaluationDeltaLoggingListener - Condition evaluation unchanged
2020-07-17 09:35:32.627 [restartedMain] INFO  com.aioe.test.demo.DemoApplication - Starting DemoApplication on DESKTOP-EP3EVHL with PID 6364 (D:\workspace\idea\PrivateBlog\target\classes started by lwsoft in D:\workspace\idea\PrivateBlog)
2020-07-17 09:35:32.637 [restartedMain] INFO  com.aioe.test.demo.DemoApplication - The following profiles are active: dev
2020-07-17 09:35:32.690 [restartedMain] INFO  o.s.b.d.env.DevToolsPropertyDefaultsPostProcessor - Devtools property defaults active! Set 'spring.devtools.add-properties' to 'false' to disable
2020-07-17 09:35:32.690 [restartedMain] INFO  o.s.b.d.env.DevToolsPropertyDefaultsPostProcessor - For additional web related logging consider setting the 'logging.level.web' property to 'DEBUG'
2020-07-17 09:35:37.347 [restartedMain] INFO  o.s.boot.web.embedded.tomcat.TomcatWebServer - Tomcat initialized with port(s): 80 (http)
2020-07-17 09:35:37.400 [restartedMain] INFO  org.apache.coyote.http11.Http11NioProtocol - Initializing ProtocolHandler ["http-nio-80"]
2020-07-17 09:35:37.401 [restartedMain] INFO  org.apache.catalina.core.StandardService - Starting service [Tomcat]
2020-07-17 09:35:37.401 [restartedMain] INFO  org.apache.catalina.core.StandardEngine - Starting Servlet engine: [Apache Tomcat/9.0.35]
2020-07-17 09:35:37.865 [restartedMain] INFO  o.a.c.core.ContainerBase.[Tomcat].[localhost].[/] - Initializing Spring embedded WebApplicationContext
2020-07-17 09:35:37.865 [restartedMain] INFO  org.springframework.web.context.ContextLoader - Root WebApplicationContext: initialization completed in 5174 ms
2020-07-17 09:35:39.534 [restartedMain] INFO  o.s.scheduling.concurrent.ThreadPoolTaskExecutor - Initializing ExecutorService 'applicationTaskExecutor'
2020-07-17 09:35:39.914 [restartedMain] INFO  o.s.b.a.web.servlet.WelcomePageHandlerMapping - Adding welcome page template: index
2020-07-17 09:35:41.046 [restartedMain] INFO  o.s.b.d.autoconfigure.OptionalLiveReloadServer - LiveReload server is running on port 35729
2020-07-17 09:35:41.073 [restartedMain] INFO  org.apache.coyote.http11.Http11NioProtocol - Starting ProtocolHandler ["http-nio-80"]
2020-07-17 09:35:41.092 [restartedMain] INFO  o.s.boot.web.embedded.tomcat.TomcatWebServer - Tomcat started on port(s): 80 (http) with context path ''
2020-07-17 09:35:41.114 [restartedMain] INFO  com.aioe.test.demo.DemoApplication - Started DemoApplication in 9.959 seconds (JVM running for 12.244)
2020-07-17 09:36:00.857 [http-nio-80-exec-1] INFO  o.a.c.core.ContainerBase.[Tomcat].[localhost].[/] - Initializing Spring DispatcherServlet 'dispatcherServlet'
2020-07-17 09:36:00.858 [http-nio-80-exec-1] INFO  org.springframework.web.servlet.DispatcherServlet - Initializing Servlet 'dispatcherServlet'
2020-07-17 09:36:00.870 [http-nio-80-exec-1] INFO  org.springframework.web.servlet.DispatcherServlet - Completed initialization in 12 ms
2020-07-17 09:36:00.901 [http-nio-80-exec-1] INFO  com.aioe.test.demo.aspect.LogAspect - result:{url='/', ip='0:0:0:0:0:0:0:1', classMethod='com.aioe.test.demo.controller.IndexController.index', args=[]}
2020-07-17 09:36:00.908 [http-nio-80-exec-1] INFO  com.aioe.test.demo.aspect.LogAspect - --------doAfter---------
2020-07-17 09:36:00.908 [http-nio-80-exec-1] INFO  com.aioe.test.demo.aspect.LogAspect - result:{}index
2020-07-17 09:36:06.628 [http-nio-80-exec-3] INFO  com.aioe.test.demo.aspect.LogAspect - result:{url='/', ip='0:0:0:0:0:0:0:1', classMethod='com.aioe.test.demo.controller.IndexController.index', args=[]}
2020-07-17 09:36:06.628 [http-nio-80-exec-3] INFO  com.aioe.test.demo.aspect.LogAspect - --------doAfter---------
2020-07-17 09:36:06.628 [http-nio-80-exec-3] INFO  com.aioe.test.demo.aspect.LogAspect - result:{}index
2020-07-17 09:56:19.253 [restartedMain] INFO  com.aioe.test.demo.DemoApplication - Starting DemoApplication on DESKTOP-EP3EVHL with PID 10332 (D:\workspace\idea\PrivateBlog\target\classes started by lwsoft in D:\workspace\idea\PrivateBlog)
2020-07-17 09:56:19.270 [restartedMain] INFO  com.aioe.test.demo.DemoApplication - The following profiles are active: dev
2020-07-17 09:56:19.322 [restartedMain] INFO  o.s.b.d.env.DevToolsPropertyDefaultsPostProcessor - Devtools property defaults active! Set 'spring.devtools.add-properties' to 'false' to disable
2020-07-17 09:56:19.322 [restartedMain] INFO  o.s.b.d.env.DevToolsPropertyDefaultsPostProcessor - For additional web related logging consider setting the 'logging.level.web' property to 'DEBUG'
2020-07-17 09:56:20.272 [restartedMain] INFO  o.s.b.a.l.ConditionEvaluationReportLoggingListener - 

Error starting ApplicationContext. To display the conditions report re-run your application with 'debug' enabled.
2020-07-17 09:57:09.276 [restartedMain] INFO  com.aioe.test.demo.DemoApplication - Starting DemoApplication on DESKTOP-EP3EVHL with PID 9660 (D:\workspace\idea\PrivateBlog\target\classes started by lwsoft in D:\workspace\idea\PrivateBlog)
2020-07-17 09:57:09.279 [restartedMain] INFO  com.aioe.test.demo.DemoApplication - The following profiles are active: dev
2020-07-17 09:57:09.315 [restartedMain] INFO  o.s.b.d.env.DevToolsPropertyDefaultsPostProcessor - Devtools property defaults active! Set 'spring.devtools.add-properties' to 'false' to disable
2020-07-17 09:57:09.315 [restartedMain] INFO  o.s.b.d.env.DevToolsPropertyDefaultsPostProcessor - For additional web related logging consider setting the 'logging.level.web' property to 'DEBUG'
2020-07-17 09:57:09.983 [restartedMain] INFO  o.s.b.a.l.ConditionEvaluationReportLoggingListener - 

Error starting ApplicationContext. To display the conditions report re-run your application with 'debug' enabled.
2020-07-17 09:58:34.631 [main] INFO  com.aioe.test.demo.DemoApplicationTests - Starting DemoApplicationTests on DESKTOP-EP3EVHL with PID 8804 (started by lwsoft in D:\workspace\idea\PrivateBlog)
2020-07-17 09:58:34.632 [main] INFO  com.aioe.test.demo.DemoApplicationTests - The following profiles are active: dev
2020-07-17 09:58:37.409 [main] INFO  o.s.scheduling.concurrent.ThreadPoolTaskExecutor - Initializing ExecutorService 'applicationTaskExecutor'
2020-07-17 09:58:37.592 [main] INFO  o.s.b.a.web.servlet.WelcomePageHandlerMapping - Adding welcome page template: index
2020-07-17 09:58:38.018 [main] INFO  com.aioe.test.demo.DemoApplicationTests - Started DemoApplicationTests in 4.159 seconds (JVM running for 5.381)
2020-07-17 09:58:38.320 [SpringContextShutdownHook] INFO  o.s.scheduling.concurrent.ThreadPoolTaskExecutor - Shutting down ExecutorService 'applicationTaskExecutor'
2020-07-17 11:51:19.049 [restartedMain] INFO  com.aioe.test.demo.DemoApplication - Starting DemoApplication on DESKTOP-EP3EVHL with PID 9092 (D:\workspace\idea\PrivateBlog\target\classes started by lwsoft in D:\workspace\idea\PrivateBlog)
2020-07-17 11:51:19.069 [restartedMain] INFO  com.aioe.test.demo.DemoApplication - The following profiles are active: dev
2020-07-17 11:51:19.116 [restartedMain] INFO  o.s.b.d.env.DevToolsPropertyDefaultsPostProcessor - Devtools property defaults active! Set 'spring.devtools.add-properties' to 'false' to disable
2020-07-17 11:51:19.117 [restartedMain] INFO  o.s.b.d.env.DevToolsPropertyDefaultsPostProcessor - For additional web related logging consider setting the 'logging.level.web' property to 'DEBUG'
2020-07-17 11:51:21.181 [restartedMain] INFO  o.s.boot.web.embedded.tomcat.TomcatWebServer - Tomcat initialized with port(s): 80 (http)
2020-07-17 11:51:21.198 [restartedMain] INFO  org.apache.coyote.http11.Http11NioProtocol - Initializing ProtocolHandler ["http-nio-80"]
2020-07-17 11:51:21.200 [restartedMain] INFO  org.apache.catalina.core.StandardService - Starting service [Tomcat]
2020-07-17 11:51:21.201 [restartedMain] INFO  org.apache.catalina.core.StandardEngine - Starting Servlet engine: [Apache Tomcat/9.0.35]
2020-07-17 11:51:21.381 [restartedMain] INFO  o.a.c.core.ContainerBase.[Tomcat].[localhost].[/] - Initializing Spring embedded WebApplicationContext
2020-07-17 11:51:21.381 [restartedMain] INFO  org.springframework.web.context.ContextLoader - Root WebApplicationContext: initialization completed in 2264 ms
2020-07-17 11:51:22.171 [restartedMain] INFO  o.s.scheduling.concurrent.ThreadPoolTaskExecutor - Initializing ExecutorService 'applicationTaskExecutor'
2020-07-17 11:51:22.273 [restartedMain] INFO  o.s.b.a.web.servlet.WelcomePageHandlerMapping - Adding welcome page template: index
2020-07-17 11:51:22.554 [restartedMain] INFO  o.s.b.d.autoconfigure.OptionalLiveReloadServer - LiveReload server is running on port 35729
2020-07-17 11:51:22.572 [restartedMain] INFO  org.apache.coyote.http11.Http11NioProtocol - Starting ProtocolHandler ["http-nio-80"]
2020-07-17 11:51:22.593 [restartedMain] INFO  o.s.boot.web.embedded.tomcat.TomcatWebServer - Tomcat started on port(s): 80 (http) with context path ''
2020-07-17 11:51:22.604 [restartedMain] INFO  com.aioe.test.demo.DemoApplication - Started DemoApplication in 4.132 seconds (JVM running for 5.54)
2020-07-17 11:51:24.646 [http-nio-80-exec-1] INFO  o.a.c.core.ContainerBase.[Tomcat].[localhost].[/] - Initializing Spring DispatcherServlet 'dispatcherServlet'
2020-07-17 11:51:24.646 [http-nio-80-exec-1] INFO  org.springframework.web.servlet.DispatcherServlet - Initializing Servlet 'dispatcherServlet'
2020-07-17 11:51:24.655 [http-nio-80-exec-1] INFO  org.springframework.web.servlet.DispatcherServlet - Completed initialization in 9 ms
2020-07-17 11:51:24.675 [http-nio-80-exec-1] INFO  com.aioe.test.demo.aspect.LogAspect - result:{url='/', ip='192.168.0.250', classMethod='com.aioe.test.demo.controller.IndexController.index', args=[]}
2020-07-17 11:51:24.681 [http-nio-80-exec-1] INFO  com.aioe.test.demo.aspect.LogAspect - --------doAfter---------
2020-07-17 11:51:24.682 [http-nio-80-exec-1] INFO  com.aioe.test.demo.aspect.LogAspect - result:{}index
2020-07-17 11:52:22.554 [Thread-175] INFO  o.s.scheduling.concurrent.ThreadPoolTaskExecutor - Shutting down ExecutorService 'applicationTaskExecutor'
2020-07-17 11:52:22.739 [restartedMain] INFO  com.aioe.test.demo.DemoApplication - Starting DemoApplication on DESKTOP-EP3EVHL with PID 9092 (D:\workspace\idea\PrivateBlog\target\classes started by lwsoft in D:\workspace\idea\PrivateBlog)
2020-07-17 11:52:22.740 [restartedMain] INFO  com.aioe.test.demo.DemoApplication - The following profiles are active: dev
2020-07-17 11:52:23.126 [restartedMain] INFO  o.s.boot.web.embedded.tomcat.TomcatWebServer - Tomcat initialized with port(s): 8081 (http)
2020-07-17 11:52:23.126 [restartedMain] INFO  org.apache.coyote.http11.Http11NioProtocol - Initializing ProtocolHandler ["http-nio-8081"]
2020-07-17 11:52:23.127 [restartedMain] INFO  org.apache.catalina.core.StandardService - Starting service [Tomcat]
2020-07-17 11:52:23.127 [restartedMain] INFO  org.apache.catalina.core.StandardEngine - Starting Servlet engine: [Apache Tomcat/9.0.35]
2020-07-17 11:52:23.153 [restartedMain] INFO  o.a.c.core.ContainerBase.[Tomcat].[localhost].[/] - Initializing Spring embedded WebApplicationContext
2020-07-17 11:52:23.153 [restartedMain] INFO  org.springframework.web.context.ContextLoader - Root WebApplicationContext: initialization completed in 410 ms
2020-07-17 11:52:23.393 [restartedMain] INFO  o.s.scheduling.concurrent.ThreadPoolTaskExecutor - Initializing ExecutorService 'applicationTaskExecutor'
2020-07-17 11:52:23.457 [restartedMain] INFO  o.s.b.a.web.servlet.WelcomePageHandlerMapping - Adding welcome page template: index
2020-07-17 11:52:23.732 [restartedMain] INFO  o.s.b.d.autoconfigure.OptionalLiveReloadServer - LiveReload server is running on port 35729
2020-07-17 11:52:23.753 [restartedMain] INFO  org.apache.coyote.http11.Http11NioProtocol - Starting ProtocolHandler ["http-nio-8081"]
2020-07-17 11:52:23.762 [restartedMain] INFO  o.s.boot.web.embedded.tomcat.TomcatWebServer - Tomcat started on port(s): 8081 (http) with context path ''
2020-07-17 11:52:23.772 [restartedMain] INFO  com.aioe.test.demo.DemoApplication - Started DemoApplication in 1.074 seconds (JVM running for 66.707)
2020-07-17 11:52:23.773 [restartedMain] INFO  o.s.b.d.a.ConditionEvaluationDeltaLoggingListener - Condition evaluation unchanged
2020-07-17 11:52:29.337 [http-nio-8081-exec-10] INFO  o.a.c.core.ContainerBase.[Tomcat].[localhost].[/] - Initializing Spring DispatcherServlet 'dispatcherServlet'
2020-07-17 11:52:29.338 [http-nio-8081-exec-10] INFO  org.springframework.web.servlet.DispatcherServlet - Initializing Servlet 'dispatcherServlet'
2020-07-17 11:52:29.349 [http-nio-8081-exec-10] INFO  org.springframework.web.servlet.DispatcherServlet - Completed initialization in 11 ms
2020-07-17 11:52:29.352 [http-nio-8081-exec-10] INFO  com.aioe.test.demo.aspect.LogAspect - result:{url='/', ip='192.168.0.250', classMethod='com.aioe.test.demo.controller.IndexController.index', args=[]}
2020-07-17 11:52:29.356 [http-nio-8081-exec-10] INFO  com.aioe.test.demo.aspect.LogAspect - --------doAfter---------
2020-07-17 11:52:29.356 [http-nio-8081-exec-10] INFO  com.aioe.test.demo.aspect.LogAspect - result:{}index
2020-07-17 12:09:24.711 [http-nio-8081-exec-7] INFO  com.aioe.test.demo.aspect.LogAspect - result:{url='/', ip='0:0:0:0:0:0:0:1', classMethod='com.aioe.test.demo.controller.IndexController.index', args=[]}
2020-07-17 12:09:24.711 [http-nio-8081-exec-7] INFO  com.aioe.test.demo.aspect.LogAspect - --------doAfter---------
2020-07-17 12:09:24.711 [http-nio-8081-exec-7] INFO  com.aioe.test.demo.aspect.LogAspect - result:{}index
2020-07-17 13:11:41.416 [Thread-182] INFO  o.s.scheduling.concurrent.ThreadPoolTaskExecutor - Shutting down ExecutorService 'applicationTaskExecutor'
2020-07-17 13:11:45.758 [restartedMain] INFO  com.aioe.test.demo.DemoApplication - Starting DemoApplication on DESKTOP-EP3EVHL with PID 9092 (D:\workspace\idea\PrivateBlog\target\classes started by lwsoft in D:\workspace\idea\PrivateBlog)
2020-07-17 13:11:45.758 [restartedMain] INFO  com.aioe.test.demo.DemoApplication - The following profiles are active: dev
2020-07-17 13:11:46.451 [restartedMain] INFO  o.s.boot.web.embedded.tomcat.TomcatWebServer - Tomcat initialized with port(s): 8081 (http)
2020-07-17 13:11:46.452 [restartedMain] INFO  org.apache.catalina.core.StandardService - Starting service [Tomcat]
2020-07-17 13:11:46.452 [restartedMain] INFO  org.apache.catalina.core.StandardEngine - Starting Servlet engine: [Apache Tomcat/9.0.35]
2020-07-17 13:11:46.473 [restartedMain] INFO  o.a.c.c.ContainerBase.[Tomcat-1].[localhost].[/] - Initializing Spring embedded WebApplicationContext
2020-07-17 13:11:46.473 [restartedMain] INFO  org.springframework.web.context.ContextLoader - Root WebApplicationContext: initialization completed in 706 ms
2020-07-17 13:11:47.650 [restartedMain] INFO  o.s.scheduling.concurrent.ThreadPoolTaskExecutor - Initializing ExecutorService 'applicationTaskExecutor'
2020-07-17 13:11:47.692 [restartedMain] INFO  o.s.b.a.web.servlet.WelcomePageHandlerMapping - Adding welcome page template: index
2020-07-17 13:11:47.899 [restartedMain] INFO  o.s.b.d.autoconfigure.OptionalLiveReloadServer - LiveReload server is running on port 35729
2020-07-17 13:11:47.909 [restartedMain] INFO  o.s.boot.web.embedded.tomcat.TomcatWebServer - Tomcat started on port(s): 8081 (http) with context path ''
2020-07-17 13:11:47.914 [restartedMain] INFO  com.aioe.test.demo.DemoApplication - Started DemoApplication in 2.242 seconds (JVM running for 4830.849)
2020-07-17 13:11:47.915 [restartedMain] INFO  o.s.b.d.a.ConditionEvaluationDeltaLoggingListener - Condition evaluation unchanged
2020-07-17 13:23:37.058 [Thread-349] INFO  o.s.scheduling.concurrent.ThreadPoolTaskExecutor - Shutting down ExecutorService 'applicationTaskExecutor'
2020-07-17 13:23:37.241 [restartedMain] INFO  com.aioe.test.demo.DemoApplication - Starting DemoApplication on DESKTOP-EP3EVHL with PID 9092 (D:\workspace\idea\PrivateBlog\target\classes started by lwsoft in D:\workspace\idea\PrivateBlog)
2020-07-17 13:23:37.241 [restartedMain] INFO  com.aioe.test.demo.DemoApplication - The following profiles are active: dev
2020-07-17 13:23:37.543 [restartedMain] INFO  o.s.boot.web.embedded.tomcat.TomcatWebServer - Tomcat initialized with port(s): 8081 (http)
2020-07-17 13:23:37.543 [restartedMain] INFO  org.apache.catalina.core.StandardService - Starting service [Tomcat]
2020-07-17 13:23:37.543 [restartedMain] INFO  org.apache.catalina.core.StandardEngine - Starting Servlet engine: [Apache Tomcat/9.0.35]
2020-07-17 13:23:37.557 [restartedMain] INFO  o.a.c.c.ContainerBase.[Tomcat-1].[localhost].[/] - Initializing Spring embedded WebApplicationContext
2020-07-17 13:23:37.558 [restartedMain] INFO  org.springframework.web.context.ContextLoader - Root WebApplicationContext: initialization completed in 315 ms
2020-07-17 13:23:37.744 [restartedMain] INFO  o.s.scheduling.concurrent.ThreadPoolTaskExecutor - Initializing ExecutorService 'applicationTaskExecutor'
2020-07-17 13:23:37.780 [restartedMain] INFO  o.s.b.a.web.servlet.WelcomePageHandlerMapping - Adding welcome page template: index
2020-07-17 13:23:37.914 [restartedMain] INFO  o.s.b.d.autoconfigure.OptionalLiveReloadServer - LiveReload server is running on port 35729
2020-07-17 13:23:37.923 [restartedMain] INFO  o.s.boot.web.embedded.tomcat.TomcatWebServer - Tomcat started on port(s): 8081 (http) with context path ''
2020-07-17 13:23:37.926 [restartedMain] INFO  com.aioe.test.demo.DemoApplication - Started DemoApplication in 0.734 seconds (JVM running for 5540.862)
2020-07-17 13:23:37.927 [restartedMain] INFO  o.s.b.d.a.ConditionEvaluationDeltaLoggingListener - Condition evaluation unchanged
