2020-07-22 08:32:56.704 [restartedMain] INFO  com.aioe.test.demo.DemoApplication - Starting DemoApplication on DESKTOP-EP3EVHL with PID 8908 (D:\workspace\idea\PrivateBlog\target\classes started by lwsoft in D:\workspace\idea\PrivateBlog)
2020-07-22 08:32:56.720 [restartedMain] INFO  com.aioe.test.demo.DemoApplication - The following profiles are active: dev
2020-07-22 08:32:56.766 [restartedMain] INFO  o.s.b.d.env.DevToolsPropertyDefaultsPostProcessor - Devtools property defaults active! Set 'spring.devtools.add-properties' to 'false' to disable
2020-07-22 08:32:56.767 [restartedMain] INFO  o.s.b.d.env.DevToolsPropertyDefaultsPostProcessor - For additional web related logging consider setting the 'logging.level.web' property to 'DEBUG'
2020-07-22 08:32:57.721 [restartedMain] INFO  o.s.d.r.config.RepositoryConfigurationDelegate - Multiple Spring Data modules found, entering strict repository configuration mode!
2020-07-22 08:32:57.721 [restartedMain] INFO  o.s.d.r.config.RepositoryConfigurationDelegate - Bootstrapping Spring Data Redis repositories in DEFAULT mode.
2020-07-22 08:32:57.752 [restartedMain] INFO  o.s.d.r.config.RepositoryConfigurationDelegate - Finished Spring Data repository scanning in 17ms. Found 0 Redis repository interfaces.
2020-07-22 08:32:58.650 [restartedMain] INFO  o.s.boot.web.embedded.tomcat.TomcatWebServer - Tomcat initialized with port(s): 80 (http)
2020-07-22 08:32:58.654 [restartedMain] INFO  org.apache.coyote.http11.Http11NioProtocol - Initializing ProtocolHandler ["http-nio-80"]
2020-07-22 08:32:58.654 [restartedMain] INFO  org.apache.catalina.core.StandardService - Starting service [Tomcat]
2020-07-22 08:32:58.654 [restartedMain] INFO  org.apache.catalina.core.StandardEngine - Starting Servlet engine: [Apache Tomcat/9.0.35]
2020-07-22 08:32:58.766 [restartedMain] INFO  o.a.c.core.ContainerBase.[Tomcat].[localhost].[/] - Initializing Spring embedded WebApplicationContext
2020-07-22 08:32:58.766 [restartedMain] INFO  org.springframework.web.context.ContextLoader - Root WebApplicationContext: initialization completed in 1999 ms
2020-07-22 08:32:59.540 [restartedMain] INFO  o.s.scheduling.concurrent.ThreadPoolTaskExecutor - Initializing ExecutorService 'applicationTaskExecutor'
2020-07-22 08:32:59.616 [restartedMain] INFO  o.s.b.a.web.servlet.WelcomePageHandlerMapping - Adding welcome page template: index
2020-07-22 08:33:00.296 [restartedMain] INFO  o.s.b.d.autoconfigure.OptionalLiveReloadServer - LiveReload server is running on port 35729
2020-07-22 08:33:00.312 [restartedMain] INFO  org.apache.coyote.http11.Http11NioProtocol - Starting ProtocolHandler ["http-nio-80"]
2020-07-22 08:33:00.331 [restartedMain] INFO  o.s.boot.web.embedded.tomcat.TomcatWebServer - Tomcat started on port(s): 80 (http) with context path ''
2020-07-22 08:33:00.337 [restartedMain] INFO  com.aioe.test.demo.DemoApplication - Started DemoApplication in 4.301 seconds (JVM running for 8.845)
2020-07-22 08:36:05.093 [http-nio-80-exec-1] INFO  o.a.c.core.ContainerBase.[Tomcat].[localhost].[/] - Initializing Spring DispatcherServlet 'dispatcherServlet'
2020-07-22 08:36:05.093 [http-nio-80-exec-1] INFO  org.springframework.web.servlet.DispatcherServlet - Initializing Servlet 'dispatcherServlet'
2020-07-22 08:36:05.105 [http-nio-80-exec-1] INFO  org.springframework.web.servlet.DispatcherServlet - Completed initialization in 12 ms
2020-07-22 08:36:05.127 [http-nio-80-exec-1] INFO  com.aioe.test.demo.aspect.LogAspect - result:{url='/', ip='0:0:0:0:0:0:0:1', classMethod='com.aioe.test.demo.controller.IndexController.index', args=[]}
2020-07-22 08:36:05.132 [http-nio-80-exec-1] INFO  com.aioe.test.demo.aspect.LogAspect - --------doAfter---------
2020-07-22 08:36:05.132 [http-nio-80-exec-1] INFO  com.aioe.test.demo.aspect.LogAspect - result:{}index
2020-07-22 08:38:42.991 [Thread-200] INFO  o.s.scheduling.concurrent.ThreadPoolTaskExecutor - Shutting down ExecutorService 'applicationTaskExecutor'
2020-07-22 08:38:47.416 [restartedMain] INFO  com.aioe.test.demo.DemoApplication - Starting DemoApplication on DESKTOP-EP3EVHL with PID 8908 (D:\workspace\idea\PrivateBlog\target\classes started by lwsoft in D:\workspace\idea\PrivateBlog)
2020-07-22 08:38:47.416 [restartedMain] INFO  com.aioe.test.demo.DemoApplication - The following profiles are active: dev
2020-07-22 08:38:47.604 [restartedMain] INFO  o.s.d.r.config.RepositoryConfigurationDelegate - Multiple Spring Data modules found, entering strict repository configuration mode!
2020-07-22 08:38:47.604 [restartedMain] INFO  o.s.d.r.config.RepositoryConfigurationDelegate - Bootstrapping Spring Data Redis repositories in DEFAULT mode.
2020-07-22 08:38:47.604 [restartedMain] INFO  o.s.d.r.config.RepositoryConfigurationDelegate - Finished Spring Data repository scanning in 0ms. Found 0 Redis repository interfaces.
2020-07-22 08:38:47.713 [restartedMain] INFO  o.s.boot.web.embedded.tomcat.TomcatWebServer - Tomcat initialized with port(s): 80 (http)
2020-07-22 08:38:47.713 [restartedMain] INFO  org.apache.catalina.core.StandardService - Starting service [Tomcat]
2020-07-22 08:38:47.713 [restartedMain] INFO  org.apache.catalina.core.StandardEngine - Starting Servlet engine: [Apache Tomcat/9.0.35]
2020-07-22 08:38:47.729 [restartedMain] INFO  o.a.c.c.ContainerBase.[Tomcat-1].[localhost].[/] - Initializing Spring embedded WebApplicationContext
2020-07-22 08:38:47.729 [restartedMain] INFO  org.springframework.web.context.ContextLoader - Root WebApplicationContext: initialization completed in 313 ms
2020-07-22 08:38:47.776 [restartedMain] INFO  o.s.scheduling.concurrent.ThreadPoolTaskExecutor - Initializing ExecutorService 'applicationTaskExecutor'
2020-07-22 08:38:47.776 [restartedMain] INFO  o.s.b.a.web.servlet.WelcomePageHandlerMapping - Adding welcome page template: index
2020-07-22 08:38:47.822 [restartedMain] INFO  o.s.scheduling.concurrent.ThreadPoolTaskExecutor - Shutting down ExecutorService 'applicationTaskExecutor'
2020-07-22 08:38:47.822 [restartedMain] INFO  org.apache.catalina.core.StandardService - Stopping service [Tomcat]
2020-07-22 08:38:47.838 [restartedMain] INFO  o.s.b.a.l.ConditionEvaluationReportLoggingListener - 

Error starting ApplicationContext. To display the conditions report re-run your application with 'debug' enabled.
2020-07-22 08:38:50.931 [restartedMain] INFO  com.aioe.test.demo.DemoApplication - Starting DemoApplication on DESKTOP-EP3EVHL with PID 8908 (D:\workspace\idea\PrivateBlog\target\classes started by lwsoft in D:\workspace\idea\PrivateBlog)
2020-07-22 08:38:50.931 [restartedMain] INFO  com.aioe.test.demo.DemoApplication - The following profiles are active: dev
2020-07-22 08:38:51.509 [restartedMain] INFO  o.s.d.r.config.RepositoryConfigurationDelegate - Multiple Spring Data modules found, entering strict repository configuration mode!
2020-07-22 08:38:51.509 [restartedMain] INFO  o.s.d.r.config.RepositoryConfigurationDelegate - Bootstrapping Spring Data Redis repositories in DEFAULT mode.
2020-07-22 08:38:51.525 [restartedMain] INFO  o.s.d.r.config.RepositoryConfigurationDelegate - Finished Spring Data repository scanning in 5ms. Found 0 Redis repository interfaces.
2020-07-22 08:38:51.728 [restartedMain] INFO  o.s.boot.web.embedded.tomcat.TomcatWebServer - Tomcat initialized with port(s): 80 (http)
2020-07-22 08:38:51.728 [restartedMain] INFO  org.apache.catalina.core.StandardService - Starting service [Tomcat]
2020-07-22 08:38:51.728 [restartedMain] INFO  org.apache.catalina.core.StandardEngine - Starting Servlet engine: [Apache Tomcat/9.0.35]
2020-07-22 08:38:51.759 [restartedMain] INFO  o.a.c.c.ContainerBase.[Tomcat-2].[localhost].[/] - Initializing Spring embedded WebApplicationContext
2020-07-22 08:38:51.759 [restartedMain] INFO  org.springframework.web.context.ContextLoader - Root WebApplicationContext: initialization completed in 812 ms
2020-07-22 08:38:52.446 [restartedMain] INFO  o.s.scheduling.concurrent.ThreadPoolTaskExecutor - Initializing ExecutorService 'applicationTaskExecutor'
2020-07-22 08:38:53.102 [restartedMain] INFO  o.s.b.a.web.servlet.WelcomePageHandlerMapping - Adding welcome page template: index
2020-07-22 08:38:54.064 [restartedMain] INFO  o.s.b.d.autoconfigure.OptionalLiveReloadServer - LiveReload server is running on port 35729
2020-07-22 08:38:54.098 [restartedMain] INFO  o.s.boot.web.embedded.tomcat.TomcatWebServer - Tomcat started on port(s): 80 (http) with context path ''
2020-07-22 08:38:54.116 [restartedMain] INFO  com.aioe.test.demo.DemoApplication - Started DemoApplication in 3.343 seconds (JVM running for 362.617)
2020-07-22 08:38:54.118 [restartedMain] INFO  o.s.b.d.a.ConditionEvaluationDeltaLoggingListener - Condition evaluation unchanged
2020-07-22 08:39:26.767 [restartedMain] INFO  com.aioe.test.demo.DemoApplication - Starting DemoApplication on DESKTOP-EP3EVHL with PID 5876 (D:\workspace\idea\PrivateBlog\target\classes started by lwsoft in D:\workspace\idea\PrivateBlog)
2020-07-22 08:39:26.767 [restartedMain] INFO  com.aioe.test.demo.DemoApplication - The following profiles are active: dev
2020-07-22 08:39:26.814 [restartedMain] INFO  o.s.b.d.env.DevToolsPropertyDefaultsPostProcessor - Devtools property defaults active! Set 'spring.devtools.add-properties' to 'false' to disable
2020-07-22 08:39:26.814 [restartedMain] INFO  o.s.b.d.env.DevToolsPropertyDefaultsPostProcessor - For additional web related logging consider setting the 'logging.level.web' property to 'DEBUG'
2020-07-22 08:39:27.392 [restartedMain] INFO  o.s.d.r.config.RepositoryConfigurationDelegate - Multiple Spring Data modules found, entering strict repository configuration mode!
2020-07-22 08:39:27.407 [restartedMain] INFO  o.s.d.r.config.RepositoryConfigurationDelegate - Bootstrapping Spring Data Redis repositories in DEFAULT mode.
2020-07-22 08:39:27.439 [restartedMain] INFO  o.s.d.r.config.RepositoryConfigurationDelegate - Finished Spring Data repository scanning in 16ms. Found 0 Redis repository interfaces.
2020-07-22 08:39:28.204 [restartedMain] INFO  o.s.boot.web.embedded.tomcat.TomcatWebServer - Tomcat initialized with port(s): 80 (http)
2020-07-22 08:39:28.220 [restartedMain] INFO  org.apache.coyote.http11.Http11NioProtocol - Initializing ProtocolHandler ["http-nio-80"]
2020-07-22 08:39:28.220 [restartedMain] INFO  org.apache.catalina.core.StandardService - Starting service [Tomcat]
2020-07-22 08:39:28.220 [restartedMain] INFO  org.apache.catalina.core.StandardEngine - Starting Servlet engine: [Apache Tomcat/9.0.35]
2020-07-22 08:39:28.313 [restartedMain] INFO  o.a.c.core.ContainerBase.[Tomcat].[localhost].[/] - Initializing Spring embedded WebApplicationContext
2020-07-22 08:39:28.313 [restartedMain] INFO  org.springframework.web.context.ContextLoader - Root WebApplicationContext: initialization completed in 1499 ms
2020-07-22 08:39:28.844 [restartedMain] INFO  o.s.scheduling.concurrent.ThreadPoolTaskExecutor - Initializing ExecutorService 'applicationTaskExecutor'
2020-07-22 08:39:28.923 [restartedMain] INFO  o.s.b.a.web.servlet.WelcomePageHandlerMapping - Adding welcome page template: index
2020-07-22 08:39:29.719 [restartedMain] INFO  o.s.b.d.autoconfigure.OptionalLiveReloadServer - LiveReload server is running on port 35729
2020-07-22 08:39:29.735 [restartedMain] INFO  org.apache.coyote.http11.Http11NioProtocol - Starting ProtocolHandler ["http-nio-80"]
2020-07-22 08:39:29.751 [restartedMain] INFO  o.s.boot.web.embedded.tomcat.TomcatWebServer - Tomcat started on port(s): 80 (http) with context path ''
2020-07-22 08:39:29.751 [restartedMain] INFO  com.aioe.test.demo.DemoApplication - Started DemoApplication in 3.461 seconds (JVM running for 4.407)
2020-07-22 08:39:55.417 [http-nio-80-exec-3] INFO  o.a.c.core.ContainerBase.[Tomcat].[localhost].[/] - Initializing Spring DispatcherServlet 'dispatcherServlet'
2020-07-22 08:39:55.417 [http-nio-80-exec-3] INFO  org.springframework.web.servlet.DispatcherServlet - Initializing Servlet 'dispatcherServlet'
2020-07-22 08:39:55.433 [http-nio-80-exec-3] INFO  org.springframework.web.servlet.DispatcherServlet - Completed initialization in 16 ms
2020-07-22 09:08:28.451 [http-nio-80-exec-4] INFO  com.zaxxer.hikari.HikariDataSource - HikariPool-1 - Starting...
2020-07-22 09:08:28.665 [http-nio-80-exec-4] INFO  com.zaxxer.hikari.HikariDataSource - HikariPool-1 - Start completed.
2020-07-22 09:51:49.459 [restartedMain] INFO  com.aioe.test.demo.DemoApplication - Starting DemoApplication on DESKTOP-EP3EVHL with PID 9792 (D:\workspace\idea\PrivateBlog\target\classes started by lwsoft in D:\workspace\idea\PrivateBlog)
2020-07-22 09:51:49.461 [restartedMain] INFO  com.aioe.test.demo.DemoApplication - The following profiles are active: dev
2020-07-22 09:51:49.501 [restartedMain] INFO  o.s.b.d.env.DevToolsPropertyDefaultsPostProcessor - Devtools property defaults active! Set 'spring.devtools.add-properties' to 'false' to disable
2020-07-22 09:51:49.502 [restartedMain] INFO  o.s.b.d.env.DevToolsPropertyDefaultsPostProcessor - For additional web related logging consider setting the 'logging.level.web' property to 'DEBUG'
2020-07-22 09:51:50.091 [restartedMain] INFO  o.s.d.r.config.RepositoryConfigurationDelegate - Multiple Spring Data modules found, entering strict repository configuration mode!
2020-07-22 09:51:50.093 [restartedMain] INFO  o.s.d.r.config.RepositoryConfigurationDelegate - Bootstrapping Spring Data Redis repositories in DEFAULT mode.
2020-07-22 09:51:50.140 [restartedMain] INFO  o.s.d.r.config.RepositoryConfigurationDelegate - Finished Spring Data repository scanning in 30ms. Found 0 Redis repository interfaces.
2020-07-22 09:51:50.862 [restartedMain] INFO  o.s.boot.web.embedded.tomcat.TomcatWebServer - Tomcat initialized with port(s): 80 (http)
2020-07-22 09:51:50.870 [restartedMain] INFO  org.apache.coyote.http11.Http11NioProtocol - Initializing ProtocolHandler ["http-nio-80"]
2020-07-22 09:51:50.871 [restartedMain] INFO  org.apache.catalina.core.StandardService - Starting service [Tomcat]
2020-07-22 09:51:50.871 [restartedMain] INFO  org.apache.catalina.core.StandardEngine - Starting Servlet engine: [Apache Tomcat/9.0.35]
2020-07-22 09:51:50.964 [restartedMain] INFO  o.a.c.core.ContainerBase.[Tomcat].[localhost].[/] - Initializing Spring embedded WebApplicationContext
2020-07-22 09:51:50.964 [restartedMain] INFO  org.springframework.web.context.ContextLoader - Root WebApplicationContext: initialization completed in 1462 ms
2020-07-22 09:51:51.551 [restartedMain] INFO  o.s.scheduling.concurrent.ThreadPoolTaskExecutor - Initializing ExecutorService 'applicationTaskExecutor'
2020-07-22 09:51:51.634 [restartedMain] INFO  o.s.b.a.web.servlet.WelcomePageHandlerMapping - Adding welcome page template: index
2020-07-22 09:51:52.251 [restartedMain] INFO  o.s.b.d.autoconfigure.OptionalLiveReloadServer - LiveReload server is running on port 35729
2020-07-22 09:51:52.268 [restartedMain] INFO  org.apache.coyote.http11.Http11NioProtocol - Starting ProtocolHandler ["http-nio-80"]
2020-07-22 09:51:52.303 [restartedMain] INFO  o.s.boot.web.embedded.tomcat.TomcatWebServer - Tomcat started on port(s): 80 (http) with context path ''
2020-07-22 09:51:52.315 [restartedMain] INFO  com.aioe.test.demo.DemoApplication - Started DemoApplication in 3.731 seconds (JVM running for 5.001)
2020-07-22 09:51:55.178 [http-nio-80-exec-2] INFO  o.a.c.core.ContainerBase.[Tomcat].[localhost].[/] - Initializing Spring DispatcherServlet 'dispatcherServlet'
2020-07-22 09:51:55.179 [http-nio-80-exec-2] INFO  org.springframework.web.servlet.DispatcherServlet - Initializing Servlet 'dispatcherServlet'
2020-07-22 09:51:55.190 [http-nio-80-exec-2] INFO  org.springframework.web.servlet.DispatcherServlet - Completed initialization in 11 ms
2020-07-22 10:44:05.075 [Thread-197] INFO  o.s.scheduling.concurrent.ThreadPoolTaskExecutor - Shutting down ExecutorService 'applicationTaskExecutor'
2020-07-22 10:44:05.250 [restartedMain] INFO  com.aioe.test.demo.DemoApplication - Starting DemoApplication on DESKTOP-EP3EVHL with PID 9792 (D:\workspace\idea\PrivateBlog\target\classes started by lwsoft in D:\workspace\idea\PrivateBlog)
2020-07-22 10:44:05.250 [restartedMain] INFO  com.aioe.test.demo.DemoApplication - The following profiles are active: dev
2020-07-22 10:44:05.481 [restartedMain] INFO  o.s.d.r.config.RepositoryConfigurationDelegate - Multiple Spring Data modules found, entering strict repository configuration mode!
2020-07-22 10:44:05.482 [restartedMain] INFO  o.s.d.r.config.RepositoryConfigurationDelegate - Bootstrapping Spring Data Redis repositories in DEFAULT mode.
2020-07-22 10:44:05.486 [restartedMain] INFO  o.s.d.r.config.RepositoryConfigurationDelegate - Finished Spring Data repository scanning in 3ms. Found 0 Redis repository interfaces.
2020-07-22 10:44:05.705 [restartedMain] INFO  o.s.boot.web.embedded.tomcat.TomcatWebServer - Tomcat initialized with port(s): 80 (http)
2020-07-22 10:44:05.706 [restartedMain] INFO  org.apache.coyote.http11.Http11NioProtocol - Initializing ProtocolHandler ["http-nio-80"]
2020-07-22 10:44:05.706 [restartedMain] INFO  org.apache.catalina.core.StandardService - Starting service [Tomcat]
2020-07-22 10:44:05.706 [restartedMain] INFO  org.apache.catalina.core.StandardEngine - Starting Servlet engine: [Apache Tomcat/9.0.35]
2020-07-22 10:44:05.722 [restartedMain] INFO  o.a.c.core.ContainerBase.[Tomcat].[localhost].[/] - Initializing Spring embedded WebApplicationContext
2020-07-22 10:44:05.722 [restartedMain] INFO  org.springframework.web.context.ContextLoader - Root WebApplicationContext: initialization completed in 469 ms
2020-07-22 10:44:05.967 [restartedMain] INFO  o.s.scheduling.concurrent.ThreadPoolTaskExecutor - Initializing ExecutorService 'applicationTaskExecutor'
2020-07-22 10:44:06.010 [restartedMain] INFO  o.s.b.a.web.servlet.WelcomePageHandlerMapping - Adding welcome page template: index
2020-07-22 10:44:06.403 [restartedMain] INFO  o.s.b.d.autoconfigure.OptionalLiveReloadServer - LiveReload server is running on port 35729
2020-07-22 10:44:06.414 [restartedMain] INFO  org.apache.coyote.http11.Http11NioProtocol - Starting ProtocolHandler ["http-nio-80"]
2020-07-22 10:44:06.419 [restartedMain] INFO  o.s.boot.web.embedded.tomcat.TomcatWebServer - Tomcat started on port(s): 80 (http) with context path ''
2020-07-22 10:44:06.426 [restartedMain] INFO  com.aioe.test.demo.DemoApplication - Started DemoApplication in 1.233 seconds (JVM running for 3139.113)
2020-07-22 10:44:06.428 [restartedMain] INFO  o.s.b.d.a.ConditionEvaluationDeltaLoggingListener - Condition evaluation unchanged
2020-07-22 10:44:06.962 [http-nio-80-exec-10] INFO  o.a.c.core.ContainerBase.[Tomcat].[localhost].[/] - Initializing Spring DispatcherServlet 'dispatcherServlet'
2020-07-22 10:44:06.963 [http-nio-80-exec-10] INFO  org.springframework.web.servlet.DispatcherServlet - Initializing Servlet 'dispatcherServlet'
2020-07-22 10:44:06.977 [http-nio-80-exec-10] INFO  org.springframework.web.servlet.DispatcherServlet - Completed initialization in 14 ms
2020-07-22 10:46:40.201 [http-nio-80-exec-3] INFO  com.zaxxer.hikari.HikariDataSource - HikariPool-1 - Starting...
2020-07-22 10:46:40.307 [http-nio-80-exec-3] INFO  com.zaxxer.hikari.HikariDataSource - HikariPool-1 - Start completed.
2020-07-22 10:48:56.762 [Thread-204] INFO  o.s.scheduling.concurrent.ThreadPoolTaskExecutor - Shutting down ExecutorService 'applicationTaskExecutor'
2020-07-22 10:48:56.762 [Thread-204] INFO  com.zaxxer.hikari.HikariDataSource - HikariPool-1 - Shutdown initiated...
2020-07-22 10:48:56.770 [Thread-204] INFO  com.zaxxer.hikari.HikariDataSource - HikariPool-1 - Shutdown completed.
2020-07-22 10:48:56.955 [restartedMain] INFO  com.aioe.test.demo.DemoApplication - Starting DemoApplication on DESKTOP-EP3EVHL with PID 9792 (D:\workspace\idea\PrivateBlog\target\classes started by lwsoft in D:\workspace\idea\PrivateBlog)
2020-07-22 10:48:56.955 [restartedMain] INFO  com.aioe.test.demo.DemoApplication - The following profiles are active: dev
2020-07-22 10:48:57.279 [restartedMain] INFO  o.s.d.r.config.RepositoryConfigurationDelegate - Multiple Spring Data modules found, entering strict repository configuration mode!
2020-07-22 10:48:57.279 [restartedMain] INFO  o.s.d.r.config.RepositoryConfigurationDelegate - Bootstrapping Spring Data Redis repositories in DEFAULT mode.
2020-07-22 10:48:57.283 [restartedMain] INFO  o.s.d.r.config.RepositoryConfigurationDelegate - Finished Spring Data repository scanning in 4ms. Found 0 Redis repository interfaces.
2020-07-22 10:48:57.477 [restartedMain] INFO  o.s.boot.web.embedded.tomcat.TomcatWebServer - Tomcat initialized with port(s): 80 (http)
2020-07-22 10:48:57.478 [restartedMain] INFO  org.apache.coyote.http11.Http11NioProtocol - Initializing ProtocolHandler ["http-nio-80"]
2020-07-22 10:48:57.478 [restartedMain] INFO  org.apache.catalina.core.StandardService - Starting service [Tomcat]
2020-07-22 10:48:57.478 [restartedMain] INFO  org.apache.catalina.core.StandardEngine - Starting Servlet engine: [Apache Tomcat/9.0.35]
2020-07-22 10:48:57.493 [restartedMain] INFO  o.a.c.core.ContainerBase.[Tomcat].[localhost].[/] - Initializing Spring embedded WebApplicationContext
2020-07-22 10:48:57.494 [restartedMain] INFO  org.springframework.web.context.ContextLoader - Root WebApplicationContext: initialization completed in 536 ms
2020-07-22 10:48:57.718 [restartedMain] INFO  o.s.scheduling.concurrent.ThreadPoolTaskExecutor - Initializing ExecutorService 'applicationTaskExecutor'
2020-07-22 10:48:57.755 [restartedMain] INFO  o.s.b.a.web.servlet.WelcomePageHandlerMapping - Adding welcome page template: index
2020-07-22 10:48:58.033 [restartedMain] INFO  o.s.b.d.autoconfigure.OptionalLiveReloadServer - LiveReload server is running on port 35729
2020-07-22 10:48:58.044 [restartedMain] INFO  org.apache.coyote.http11.Http11NioProtocol - Starting ProtocolHandler ["http-nio-80"]
2020-07-22 10:48:58.047 [restartedMain] INFO  o.s.boot.web.embedded.tomcat.TomcatWebServer - Tomcat started on port(s): 80 (http) with context path ''
2020-07-22 10:48:58.050 [restartedMain] INFO  com.aioe.test.demo.DemoApplication - Started DemoApplication in 1.136 seconds (JVM running for 3430.736)
2020-07-22 10:48:58.051 [restartedMain] INFO  o.s.b.d.a.ConditionEvaluationDeltaLoggingListener - Condition evaluation unchanged
2020-07-22 10:48:58.182 [http-nio-80-exec-1] INFO  o.a.c.core.ContainerBase.[Tomcat].[localhost].[/] - Initializing Spring DispatcherServlet 'dispatcherServlet'
2020-07-22 10:48:58.184 [http-nio-80-exec-1] INFO  org.springframework.web.servlet.DispatcherServlet - Initializing Servlet 'dispatcherServlet'
2020-07-22 10:48:58.193 [http-nio-80-exec-1] INFO  org.springframework.web.servlet.DispatcherServlet - Completed initialization in 9 ms
2020-07-22 10:49:34.375 [http-nio-80-exec-2] INFO  com.zaxxer.hikari.HikariDataSource - HikariPool-2 - Starting...
2020-07-22 10:49:34.380 [http-nio-80-exec-2] INFO  com.zaxxer.hikari.HikariDataSource - HikariPool-2 - Start completed.
2020-07-22 10:49:51.975 [Thread-393] INFO  o.s.scheduling.concurrent.ThreadPoolTaskExecutor - Shutting down ExecutorService 'applicationTaskExecutor'
2020-07-22 10:49:51.975 [Thread-393] INFO  com.zaxxer.hikari.HikariDataSource - HikariPool-2 - Shutdown initiated...
2020-07-22 10:49:51.980 [Thread-393] INFO  com.zaxxer.hikari.HikariDataSource - HikariPool-2 - Shutdown completed.
2020-07-22 10:49:52.148 [restartedMain] INFO  com.aioe.test.demo.DemoApplication - Starting DemoApplication on DESKTOP-EP3EVHL with PID 9792 (D:\workspace\idea\PrivateBlog\target\classes started by lwsoft in D:\workspace\idea\PrivateBlog)
2020-07-22 10:49:52.148 [restartedMain] INFO  com.aioe.test.demo.DemoApplication - The following profiles are active: dev
2020-07-22 10:49:52.344 [restartedMain] INFO  o.s.d.r.config.RepositoryConfigurationDelegate - Multiple Spring Data modules found, entering strict repository configuration mode!
2020-07-22 10:49:52.344 [restartedMain] INFO  o.s.d.r.config.RepositoryConfigurationDelegate - Bootstrapping Spring Data Redis repositories in DEFAULT mode.
2020-07-22 10:49:52.348 [restartedMain] INFO  o.s.d.r.config.RepositoryConfigurationDelegate - Finished Spring Data repository scanning in 3ms. Found 0 Redis repository interfaces.
2020-07-22 10:49:52.502 [restartedMain] INFO  o.s.boot.web.embedded.tomcat.TomcatWebServer - Tomcat initialized with port(s): 80 (http)
2020-07-22 10:49:52.503 [restartedMain] INFO  org.apache.coyote.http11.Http11NioProtocol - Initializing ProtocolHandler ["http-nio-80"]
2020-07-22 10:49:52.504 [restartedMain] INFO  org.apache.catalina.core.StandardService - Starting service [Tomcat]
2020-07-22 10:49:52.504 [restartedMain] INFO  org.apache.catalina.core.StandardEngine - Starting Servlet engine: [Apache Tomcat/9.0.35]
2020-07-22 10:49:52.530 [restartedMain] INFO  o.a.c.core.ContainerBase.[Tomcat].[localhost].[/] - Initializing Spring embedded WebApplicationContext
2020-07-22 10:49:52.530 [restartedMain] INFO  org.springframework.web.context.ContextLoader - Root WebApplicationContext: initialization completed in 380 ms
2020-07-22 10:49:52.860 [restartedMain] INFO  o.s.scheduling.concurrent.ThreadPoolTaskExecutor - Initializing ExecutorService 'applicationTaskExecutor'
2020-07-22 10:49:52.898 [restartedMain] INFO  o.s.b.a.web.servlet.WelcomePageHandlerMapping - Adding welcome page template: index
2020-07-22 10:49:53.251 [restartedMain] INFO  o.s.b.d.autoconfigure.OptionalLiveReloadServer - LiveReload server is running on port 35729
2020-07-22 10:49:53.260 [restartedMain] INFO  org.apache.coyote.http11.Http11NioProtocol - Starting ProtocolHandler ["http-nio-80"]
2020-07-22 10:49:53.262 [restartedMain] INFO  o.s.boot.web.embedded.tomcat.TomcatWebServer - Tomcat started on port(s): 80 (http) with context path ''
2020-07-22 10:49:53.267 [restartedMain] INFO  com.aioe.test.demo.DemoApplication - Started DemoApplication in 1.154 seconds (JVM running for 3485.953)
2020-07-22 10:49:53.273 [restartedMain] INFO  o.s.b.d.a.ConditionEvaluationDeltaLoggingListener - Condition evaluation unchanged
2020-07-22 10:49:53.349 [http-nio-80-exec-1] INFO  o.a.c.core.ContainerBase.[Tomcat].[localhost].[/] - Initializing Spring DispatcherServlet 'dispatcherServlet'
2020-07-22 10:49:53.349 [http-nio-80-exec-1] INFO  org.springframework.web.servlet.DispatcherServlet - Initializing Servlet 'dispatcherServlet'
2020-07-22 10:49:53.358 [http-nio-80-exec-1] INFO  org.springframework.web.servlet.DispatcherServlet - Completed initialization in 9 ms
2020-07-22 10:50:12.055 [http-nio-80-exec-3] INFO  com.zaxxer.hikari.HikariDataSource - HikariPool-3 - Starting...
2020-07-22 10:50:12.061 [http-nio-80-exec-3] INFO  com.zaxxer.hikari.HikariDataSource - HikariPool-3 - Start completed.
2020-07-22 10:53:54.578 [Thread-582] INFO  o.s.scheduling.concurrent.ThreadPoolTaskExecutor - Shutting down ExecutorService 'applicationTaskExecutor'
2020-07-22 10:53:54.579 [Thread-582] INFO  com.zaxxer.hikari.HikariDataSource - HikariPool-3 - Shutdown initiated...
2020-07-22 10:53:54.584 [Thread-582] INFO  com.zaxxer.hikari.HikariDataSource - HikariPool-3 - Shutdown completed.
2020-07-22 10:53:54.777 [restartedMain] INFO  com.aioe.test.demo.DemoApplication - Starting DemoApplication on DESKTOP-EP3EVHL with PID 9792 (D:\workspace\idea\PrivateBlog\target\classes started by lwsoft in D:\workspace\idea\PrivateBlog)
2020-07-22 10:53:54.777 [restartedMain] INFO  com.aioe.test.demo.DemoApplication - The following profiles are active: dev
2020-07-22 10:53:55.007 [restartedMain] INFO  o.s.d.r.config.RepositoryConfigurationDelegate - Multiple Spring Data modules found, entering strict repository configuration mode!
2020-07-22 10:53:55.007 [restartedMain] INFO  o.s.d.r.config.RepositoryConfigurationDelegate - Bootstrapping Spring Data Redis repositories in DEFAULT mode.
2020-07-22 10:53:55.010 [restartedMain] INFO  o.s.d.r.config.RepositoryConfigurationDelegate - Finished Spring Data repository scanning in 3ms. Found 0 Redis repository interfaces.
2020-07-22 10:53:55.155 [restartedMain] INFO  o.s.boot.web.embedded.tomcat.TomcatWebServer - Tomcat initialized with port(s): 80 (http)
2020-07-22 10:53:55.156 [restartedMain] INFO  org.apache.coyote.http11.Http11NioProtocol - Initializing ProtocolHandler ["http-nio-80"]
2020-07-22 10:53:55.156 [restartedMain] INFO  org.apache.catalina.core.StandardService - Starting service [Tomcat]
2020-07-22 10:53:55.156 [restartedMain] INFO  org.apache.catalina.core.StandardEngine - Starting Servlet engine: [Apache Tomcat/9.0.35]
2020-07-22 10:53:55.173 [restartedMain] INFO  o.a.c.core.ContainerBase.[Tomcat].[localhost].[/] - Initializing Spring embedded WebApplicationContext
2020-07-22 10:53:55.173 [restartedMain] INFO  org.springframework.web.context.ContextLoader - Root WebApplicationContext: initialization completed in 393 ms
2020-07-22 10:53:55.409 [restartedMain] INFO  o.s.scheduling.concurrent.ThreadPoolTaskExecutor - Initializing ExecutorService 'applicationTaskExecutor'
2020-07-22 10:53:55.447 [restartedMain] INFO  o.s.b.a.web.servlet.WelcomePageHandlerMapping - Adding welcome page template: index
2020-07-22 10:53:55.706 [restartedMain] INFO  o.s.b.d.autoconfigure.OptionalLiveReloadServer - LiveReload server is running on port 35729
2020-07-22 10:53:55.713 [restartedMain] INFO  org.apache.coyote.http11.Http11NioProtocol - Starting ProtocolHandler ["http-nio-80"]
2020-07-22 10:53:55.716 [restartedMain] INFO  o.s.boot.web.embedded.tomcat.TomcatWebServer - Tomcat started on port(s): 80 (http) with context path ''
2020-07-22 10:53:55.724 [restartedMain] INFO  com.aioe.test.demo.DemoApplication - Started DemoApplication in 0.986 seconds (JVM running for 3728.405)
2020-07-22 10:53:55.725 [restartedMain] INFO  o.s.b.d.a.ConditionEvaluationDeltaLoggingListener - Condition evaluation unchanged
2020-07-22 10:54:23.098 [http-nio-80-exec-1] INFO  o.a.c.core.ContainerBase.[Tomcat].[localhost].[/] - Initializing Spring DispatcherServlet 'dispatcherServlet'
2020-07-22 10:54:23.099 [http-nio-80-exec-1] INFO  org.springframework.web.servlet.DispatcherServlet - Initializing Servlet 'dispatcherServlet'
2020-07-22 10:54:23.110 [http-nio-80-exec-1] INFO  org.springframework.web.servlet.DispatcherServlet - Completed initialization in 9 ms
2020-07-22 10:55:27.282 [Thread-771] INFO  o.s.scheduling.concurrent.ThreadPoolTaskExecutor - Shutting down ExecutorService 'applicationTaskExecutor'
2020-07-22 10:55:30.552 [restartedMain] INFO  com.aioe.test.demo.DemoApplication - Starting DemoApplication on DESKTOP-EP3EVHL with PID 9792 (D:\workspace\idea\PrivateBlog\target\classes started by lwsoft in D:\workspace\idea\PrivateBlog)
2020-07-22 10:55:30.553 [restartedMain] INFO  com.aioe.test.demo.DemoApplication - The following profiles are active: dev
2020-07-22 10:55:30.996 [restartedMain] INFO  o.s.d.r.config.RepositoryConfigurationDelegate - Multiple Spring Data modules found, entering strict repository configuration mode!
2020-07-22 10:55:30.997 [restartedMain] INFO  o.s.d.r.config.RepositoryConfigurationDelegate - Bootstrapping Spring Data Redis repositories in DEFAULT mode.
2020-07-22 10:55:31.144 [restartedMain] INFO  o.s.d.r.config.RepositoryConfigurationDelegate - Finished Spring Data repository scanning in 146ms. Found 0 Redis repository interfaces.
2020-07-22 10:55:31.245 [restartedMain] INFO  o.s.boot.web.embedded.tomcat.TomcatWebServer - Tomcat initialized with port(s): 80 (http)
2020-07-22 10:55:31.246 [restartedMain] INFO  org.apache.catalina.core.StandardService - Starting service [Tomcat]
2020-07-22 10:55:31.246 [restartedMain] INFO  org.apache.catalina.core.StandardEngine - Starting Servlet engine: [Apache Tomcat/9.0.35]
2020-07-22 10:55:31.261 [restartedMain] INFO  o.a.c.c.ContainerBase.[Tomcat-1].[localhost].[/] - Initializing Spring embedded WebApplicationContext
2020-07-22 10:55:31.261 [restartedMain] INFO  org.springframework.web.context.ContextLoader - Root WebApplicationContext: initialization completed in 706 ms
2020-07-22 10:55:31.309 [restartedMain] INFO  o.s.scheduling.concurrent.ThreadPoolTaskExecutor - Initializing ExecutorService 'applicationTaskExecutor'
2020-07-22 10:55:31.335 [restartedMain] INFO  o.s.b.a.web.servlet.WelcomePageHandlerMapping - Adding welcome page template: index
2020-07-22 10:55:31.497 [restartedMain] INFO  o.s.b.d.autoconfigure.OptionalLiveReloadServer - LiveReload server is running on port 35729
2020-07-22 10:55:31.584 [restartedMain] INFO  o.s.boot.web.embedded.tomcat.TomcatWebServer - Tomcat started on port(s): 80 (http) with context path ''
2020-07-22 10:55:31.614 [restartedMain] INFO  com.aioe.test.demo.DemoApplication - Started DemoApplication in 1.129 seconds (JVM running for 3824.3)
2020-07-22 10:55:31.616 [restartedMain] INFO  o.s.b.d.a.ConditionEvaluationDeltaLoggingListener - Condition evaluation unchanged
2020-07-22 10:56:39.331 [restartedMain] INFO  com.aioe.test.demo.DemoApplication - Starting DemoApplication on DESKTOP-EP3EVHL with PID 8660 (D:\workspace\idea\PrivateBlog\target\classes started by lwsoft in D:\workspace\idea\PrivateBlog)
2020-07-22 10:56:39.334 [restartedMain] INFO  com.aioe.test.demo.DemoApplication - The following profiles are active: dev
2020-07-22 10:56:39.380 [restartedMain] INFO  o.s.b.d.env.DevToolsPropertyDefaultsPostProcessor - Devtools property defaults active! Set 'spring.devtools.add-properties' to 'false' to disable
2020-07-22 10:56:39.380 [restartedMain] INFO  o.s.b.d.env.DevToolsPropertyDefaultsPostProcessor - For additional web related logging consider setting the 'logging.level.web' property to 'DEBUG'
2020-07-22 10:56:39.974 [restartedMain] INFO  o.s.d.r.config.RepositoryConfigurationDelegate - Multiple Spring Data modules found, entering strict repository configuration mode!
2020-07-22 10:56:39.976 [restartedMain] INFO  o.s.d.r.config.RepositoryConfigurationDelegate - Bootstrapping Spring Data Redis repositories in DEFAULT mode.
2020-07-22 10:56:40.003 [restartedMain] INFO  o.s.d.r.config.RepositoryConfigurationDelegate - Finished Spring Data repository scanning in 13ms. Found 0 Redis repository interfaces.
2020-07-22 10:56:40.808 [restartedMain] INFO  o.s.boot.web.embedded.tomcat.TomcatWebServer - Tomcat initialized with port(s): 80 (http)
2020-07-22 10:56:40.816 [restartedMain] INFO  org.apache.coyote.http11.Http11NioProtocol - Initializing ProtocolHandler ["http-nio-80"]
2020-07-22 10:56:40.816 [restartedMain] INFO  org.apache.catalina.core.StandardService - Starting service [Tomcat]
2020-07-22 10:56:40.817 [restartedMain] INFO  org.apache.catalina.core.StandardEngine - Starting Servlet engine: [Apache Tomcat/9.0.35]
2020-07-22 10:56:40.906 [restartedMain] INFO  o.a.c.core.ContainerBase.[Tomcat].[localhost].[/] - Initializing Spring embedded WebApplicationContext
2020-07-22 10:56:40.906 [restartedMain] INFO  org.springframework.web.context.ContextLoader - Root WebApplicationContext: initialization completed in 1525 ms
2020-07-22 10:56:41.478 [restartedMain] INFO  o.s.scheduling.concurrent.ThreadPoolTaskExecutor - Initializing ExecutorService 'applicationTaskExecutor'
2020-07-22 10:56:41.556 [restartedMain] INFO  o.s.b.a.web.servlet.WelcomePageHandlerMapping - Adding welcome page template: index
2020-07-22 10:56:42.380 [restartedMain] INFO  o.s.b.d.autoconfigure.OptionalLiveReloadServer - LiveReload server is running on port 35729
2020-07-22 10:56:42.395 [restartedMain] INFO  org.apache.coyote.http11.Http11NioProtocol - Starting ProtocolHandler ["http-nio-80"]
2020-07-22 10:56:42.416 [restartedMain] INFO  o.s.boot.web.embedded.tomcat.TomcatWebServer - Tomcat started on port(s): 80 (http) with context path ''
2020-07-22 10:56:42.425 [restartedMain] INFO  com.aioe.test.demo.DemoApplication - Started DemoApplication in 3.539 seconds (JVM running for 4.463)
2020-07-22 10:56:47.630 [http-nio-80-exec-1] INFO  o.a.c.core.ContainerBase.[Tomcat].[localhost].[/] - Initializing Spring DispatcherServlet 'dispatcherServlet'
2020-07-22 10:56:47.632 [http-nio-80-exec-1] INFO  org.springframework.web.servlet.DispatcherServlet - Initializing Servlet 'dispatcherServlet'
2020-07-22 10:56:47.646 [http-nio-80-exec-1] INFO  org.springframework.web.servlet.DispatcherServlet - Completed initialization in 13 ms
2020-07-22 10:59:02.677 [Thread-196] INFO  o.s.scheduling.concurrent.ThreadPoolTaskExecutor - Shutting down ExecutorService 'applicationTaskExecutor'
2020-07-22 10:59:02.889 [restartedMain] INFO  com.aioe.test.demo.DemoApplication - Starting DemoApplication on DESKTOP-EP3EVHL with PID 8660 (D:\workspace\idea\PrivateBlog\target\classes started by lwsoft in D:\workspace\idea\PrivateBlog)
2020-07-22 10:59:02.889 [restartedMain] INFO  com.aioe.test.demo.DemoApplication - The following profiles are active: dev
2020-07-22 10:59:03.139 [restartedMain] INFO  o.s.d.r.config.RepositoryConfigurationDelegate - Multiple Spring Data modules found, entering strict repository configuration mode!
2020-07-22 10:59:03.140 [restartedMain] INFO  o.s.d.r.config.RepositoryConfigurationDelegate - Bootstrapping Spring Data Redis repositories in DEFAULT mode.
2020-07-22 10:59:03.144 [restartedMain] INFO  o.s.d.r.config.RepositoryConfigurationDelegate - Finished Spring Data repository scanning in 4ms. Found 0 Redis repository interfaces.
2020-07-22 10:59:03.311 [restartedMain] INFO  o.s.boot.web.embedded.tomcat.TomcatWebServer - Tomcat initialized with port(s): 80 (http)
2020-07-22 10:59:03.311 [restartedMain] INFO  org.apache.coyote.http11.Http11NioProtocol - Initializing ProtocolHandler ["http-nio-80"]
2020-07-22 10:59:03.312 [restartedMain] INFO  org.apache.catalina.core.StandardService - Starting service [Tomcat]
2020-07-22 10:59:03.312 [restartedMain] INFO  org.apache.catalina.core.StandardEngine - Starting Servlet engine: [Apache Tomcat/9.0.35]
2020-07-22 10:59:03.328 [restartedMain] INFO  o.a.c.core.ContainerBase.[Tomcat].[localhost].[/] - Initializing Spring embedded WebApplicationContext
2020-07-22 10:59:03.328 [restartedMain] INFO  org.springframework.web.context.ContextLoader - Root WebApplicationContext: initialization completed in 433 ms
2020-07-22 10:59:03.553 [restartedMain] INFO  o.s.scheduling.concurrent.ThreadPoolTaskExecutor - Initializing ExecutorService 'applicationTaskExecutor'
2020-07-22 10:59:03.589 [restartedMain] INFO  o.s.b.a.web.servlet.WelcomePageHandlerMapping - Adding welcome page template: index
2020-07-22 10:59:03.853 [restartedMain] INFO  o.s.b.d.autoconfigure.OptionalLiveReloadServer - LiveReload server is running on port 35729
2020-07-22 10:59:03.861 [restartedMain] INFO  org.apache.coyote.http11.Http11NioProtocol - Starting ProtocolHandler ["http-nio-80"]
2020-07-22 10:59:03.864 [restartedMain] INFO  o.s.boot.web.embedded.tomcat.TomcatWebServer - Tomcat started on port(s): 80 (http) with context path ''
2020-07-22 10:59:03.868 [restartedMain] INFO  com.aioe.test.demo.DemoApplication - Started DemoApplication in 1.036 seconds (JVM running for 145.906)
2020-07-22 10:59:03.870 [restartedMain] INFO  o.s.b.d.a.ConditionEvaluationDeltaLoggingListener - Condition evaluation unchanged
2020-07-22 10:59:36.197 [http-nio-80-exec-1] INFO  o.a.c.core.ContainerBase.[Tomcat].[localhost].[/] - Initializing Spring DispatcherServlet 'dispatcherServlet'
2020-07-22 10:59:36.199 [http-nio-80-exec-1] INFO  org.springframework.web.servlet.DispatcherServlet - Initializing Servlet 'dispatcherServlet'
2020-07-22 10:59:36.212 [http-nio-80-exec-1] INFO  org.springframework.web.servlet.DispatcherServlet - Completed initialization in 12 ms
2020-07-22 11:06:23.688 [http-nio-80-exec-4] INFO  com.zaxxer.hikari.HikariDataSource - HikariPool-1 - Starting...
2020-07-22 11:06:23.794 [http-nio-80-exec-4] INFO  com.zaxxer.hikari.HikariDataSource - HikariPool-1 - Start completed.
2020-07-22 13:53:15.208 [Thread-204] INFO  o.s.scheduling.concurrent.ThreadPoolTaskExecutor - Shutting down ExecutorService 'applicationTaskExecutor'
2020-07-22 13:53:15.210 [Thread-204] INFO  com.zaxxer.hikari.HikariDataSource - HikariPool-1 - Shutdown initiated...
2020-07-22 13:53:15.236 [Thread-204] INFO  com.zaxxer.hikari.HikariDataSource - HikariPool-1 - Shutdown completed.
2020-07-22 13:53:15.587 [restartedMain] INFO  com.aioe.test.demo.DemoApplication - Starting DemoApplication on DESKTOP-EP3EVHL with PID 8660 (D:\workspace\idea\PrivateBlog\target\classes started by lwsoft in D:\workspace\idea\PrivateBlog)
2020-07-22 13:53:15.587 [restartedMain] INFO  com.aioe.test.demo.DemoApplication - The following profiles are active: dev
2020-07-22 13:53:15.913 [restartedMain] INFO  o.s.d.r.config.RepositoryConfigurationDelegate - Multiple Spring Data modules found, entering strict repository configuration mode!
2020-07-22 13:53:15.913 [restartedMain] INFO  o.s.d.r.config.RepositoryConfigurationDelegate - Bootstrapping Spring Data Redis repositories in DEFAULT mode.
2020-07-22 13:53:15.917 [restartedMain] INFO  o.s.d.r.config.RepositoryConfigurationDelegate - Finished Spring Data repository scanning in 3ms. Found 0 Redis repository interfaces.
2020-07-22 13:53:16.103 [restartedMain] INFO  o.s.boot.web.embedded.tomcat.TomcatWebServer - Tomcat initialized with port(s): 80 (http)
2020-07-22 13:53:16.104 [restartedMain] INFO  org.apache.coyote.http11.Http11NioProtocol - Initializing ProtocolHandler ["http-nio-80"]
2020-07-22 13:53:16.104 [restartedMain] INFO  org.apache.catalina.core.StandardService - Starting service [Tomcat]
2020-07-22 13:53:16.104 [restartedMain] INFO  org.apache.catalina.core.StandardEngine - Starting Servlet engine: [Apache Tomcat/9.0.35]
2020-07-22 13:53:16.129 [restartedMain] INFO  o.a.c.core.ContainerBase.[Tomcat].[localhost].[/] - Initializing Spring embedded WebApplicationContext
2020-07-22 13:53:16.129 [restartedMain] INFO  org.springframework.web.context.ContextLoader - Root WebApplicationContext: initialization completed in 539 ms
2020-07-22 13:53:16.841 [restartedMain] INFO  o.s.scheduling.concurrent.ThreadPoolTaskExecutor - Initializing ExecutorService 'applicationTaskExecutor'
2020-07-22 13:53:16.902 [restartedMain] INFO  o.s.b.a.web.servlet.WelcomePageHandlerMapping - Adding welcome page template: index
2020-07-22 13:53:17.638 [restartedMain] INFO  o.s.b.d.autoconfigure.OptionalLiveReloadServer - LiveReload server is running on port 35729
2020-07-22 13:53:17.655 [restartedMain] INFO  org.apache.coyote.http11.Http11NioProtocol - Starting ProtocolHandler ["http-nio-80"]
2020-07-22 13:53:17.658 [restartedMain] INFO  o.s.boot.web.embedded.tomcat.TomcatWebServer - Tomcat started on port(s): 80 (http) with context path ''
2020-07-22 13:53:17.662 [restartedMain] INFO  com.aioe.test.demo.DemoApplication - Started DemoApplication in 2.145 seconds (JVM running for 10599.7)
2020-07-22 13:53:17.664 [restartedMain] INFO  o.s.b.d.a.ConditionEvaluationDeltaLoggingListener - Condition evaluation unchanged
2020-07-22 13:53:19.586 [Thread-393] INFO  o.s.scheduling.concurrent.ThreadPoolTaskExecutor - Shutting down ExecutorService 'applicationTaskExecutor'
2020-07-22 13:53:19.796 [restartedMain] INFO  com.aioe.test.demo.DemoApplication - Starting DemoApplication on DESKTOP-EP3EVHL with PID 8660 (D:\workspace\idea\PrivateBlog\target\classes started by lwsoft in D:\workspace\idea\PrivateBlog)
2020-07-22 13:53:19.796 [restartedMain] INFO  com.aioe.test.demo.DemoApplication - The following profiles are active: dev
2020-07-22 13:53:20.263 [restartedMain] INFO  o.s.d.r.config.RepositoryConfigurationDelegate - Multiple Spring Data modules found, entering strict repository configuration mode!
2020-07-22 13:53:20.263 [restartedMain] INFO  o.s.d.r.config.RepositoryConfigurationDelegate - Bootstrapping Spring Data Redis repositories in DEFAULT mode.
2020-07-22 13:53:20.283 [restartedMain] INFO  o.s.d.r.config.RepositoryConfigurationDelegate - Finished Spring Data repository scanning in 18ms. Found 0 Redis repository interfaces.
2020-07-22 13:53:20.573 [restartedMain] INFO  o.s.boot.web.embedded.tomcat.TomcatWebServer - Tomcat initialized with port(s): 80 (http)
2020-07-22 13:53:20.574 [restartedMain] INFO  org.apache.coyote.http11.Http11NioProtocol - Initializing ProtocolHandler ["http-nio-80"]
2020-07-22 13:53:20.575 [restartedMain] INFO  org.apache.catalina.core.StandardService - Starting service [Tomcat]
2020-07-22 13:53:20.575 [restartedMain] INFO  org.apache.catalina.core.StandardEngine - Starting Servlet engine: [Apache Tomcat/9.0.35]
2020-07-22 13:53:20.598 [restartedMain] INFO  o.a.c.core.ContainerBase.[Tomcat].[localhost].[/] - Initializing Spring embedded WebApplicationContext
2020-07-22 13:53:20.599 [restartedMain] INFO  org.springframework.web.context.ContextLoader - Root WebApplicationContext: initialization completed in 800 ms
2020-07-22 13:53:20.873 [restartedMain] INFO  o.s.scheduling.concurrent.ThreadPoolTaskExecutor - Initializing ExecutorService 'applicationTaskExecutor'
2020-07-22 13:53:20.914 [restartedMain] INFO  o.s.b.a.web.servlet.WelcomePageHandlerMapping - Adding welcome page template: index
2020-07-22 13:53:21.215 [restartedMain] INFO  o.s.b.d.autoconfigure.OptionalLiveReloadServer - LiveReload server is running on port 35729
2020-07-22 13:53:21.224 [restartedMain] INFO  org.apache.coyote.http11.Http11NioProtocol - Starting ProtocolHandler ["http-nio-80"]
2020-07-22 13:53:21.226 [restartedMain] INFO  o.s.boot.web.embedded.tomcat.TomcatWebServer - Tomcat started on port(s): 80 (http) with context path ''
2020-07-22 13:53:21.230 [restartedMain] INFO  com.aioe.test.demo.DemoApplication - Started DemoApplication in 1.475 seconds (JVM running for 10603.267)
2020-07-22 13:53:21.231 [restartedMain] INFO  o.s.b.d.a.ConditionEvaluationDeltaLoggingListener - Condition evaluation unchanged
2020-07-22 14:01:13.244 [Thread-582] INFO  o.s.scheduling.concurrent.ThreadPoolTaskExecutor - Shutting down ExecutorService 'applicationTaskExecutor'
2020-07-22 14:01:13.480 [restartedMain] INFO  com.aioe.test.demo.DemoApplication - Starting DemoApplication on DESKTOP-EP3EVHL with PID 8660 (D:\workspace\idea\PrivateBlog\target\classes started by lwsoft in D:\workspace\idea\PrivateBlog)
2020-07-22 14:01:13.480 [restartedMain] INFO  com.aioe.test.demo.DemoApplication - The following profiles are active: dev
2020-07-22 14:01:13.815 [restartedMain] INFO  o.s.d.r.config.RepositoryConfigurationDelegate - Multiple Spring Data modules found, entering strict repository configuration mode!
2020-07-22 14:01:13.816 [restartedMain] INFO  o.s.d.r.config.RepositoryConfigurationDelegate - Bootstrapping Spring Data Redis repositories in DEFAULT mode.
2020-07-22 14:01:13.826 [restartedMain] INFO  o.s.d.r.config.RepositoryConfigurationDelegate - Finished Spring Data repository scanning in 10ms. Found 0 Redis repository interfaces.
2020-07-22 14:01:14.014 [restartedMain] INFO  o.s.boot.web.embedded.tomcat.TomcatWebServer - Tomcat initialized with port(s): 80 (http)
2020-07-22 14:01:14.015 [restartedMain] INFO  org.apache.coyote.http11.Http11NioProtocol - Initializing ProtocolHandler ["http-nio-80"]
2020-07-22 14:01:14.015 [restartedMain] INFO  org.apache.catalina.core.StandardService - Starting service [Tomcat]
2020-07-22 14:01:14.017 [restartedMain] INFO  org.apache.catalina.core.StandardEngine - Starting Servlet engine: [Apache Tomcat/9.0.35]
2020-07-22 14:01:14.035 [restartedMain] INFO  o.a.c.core.ContainerBase.[Tomcat].[localhost].[/] - Initializing Spring embedded WebApplicationContext
2020-07-22 14:01:14.035 [restartedMain] INFO  org.springframework.web.context.ContextLoader - Root WebApplicationContext: initialization completed in 552 ms
2020-07-22 14:01:14.062 [restartedMain] INFO  org.apache.catalina.core.StandardService - Stopping service [Tomcat]
2020-07-22 14:01:14.067 [restartedMain] INFO  o.s.b.a.l.ConditionEvaluationReportLoggingListener - 

Error starting ApplicationContext. To display the conditions report re-run your application with 'debug' enabled.
2020-07-22 14:03:40.169 [restartedMain] INFO  com.aioe.test.demo.DemoApplication - Starting DemoApplication on DESKTOP-EP3EVHL with PID 8660 (D:\workspace\idea\PrivateBlog\target\classes started by lwsoft in D:\workspace\idea\PrivateBlog)
2020-07-22 14:03:40.170 [restartedMain] INFO  com.aioe.test.demo.DemoApplication - The following profiles are active: dev
2020-07-22 14:03:40.978 [restartedMain] INFO  o.s.d.r.config.RepositoryConfigurationDelegate - Multiple Spring Data modules found, entering strict repository configuration mode!
2020-07-22 14:03:40.978 [restartedMain] INFO  o.s.d.r.config.RepositoryConfigurationDelegate - Bootstrapping Spring Data Redis repositories in DEFAULT mode.
2020-07-22 14:03:40.982 [restartedMain] INFO  o.s.d.r.config.RepositoryConfigurationDelegate - Finished Spring Data repository scanning in 4ms. Found 0 Redis repository interfaces.
2020-07-22 14:03:41.278 [restartedMain] INFO  o.s.boot.web.embedded.tomcat.TomcatWebServer - Tomcat initialized with port(s): 80 (http)
2020-07-22 14:03:41.280 [restartedMain] INFO  org.apache.coyote.http11.Http11NioProtocol - Initializing ProtocolHandler ["http-nio-80"]
2020-07-22 14:03:41.281 [restartedMain] INFO  org.apache.catalina.core.StandardService - Starting service [Tomcat]
2020-07-22 14:03:41.282 [restartedMain] INFO  org.apache.catalina.core.StandardEngine - Starting Servlet engine: [Apache Tomcat/9.0.35]
2020-07-22 14:03:41.302 [restartedMain] INFO  o.a.c.c.ContainerBase.[Tomcat-1].[localhost].[/] - Initializing Spring embedded WebApplicationContext
2020-07-22 14:03:41.302 [restartedMain] INFO  org.springframework.web.context.ContextLoader - Root WebApplicationContext: initialization completed in 1121 ms
2020-07-22 14:03:41.542 [restartedMain] INFO  o.s.scheduling.concurrent.ThreadPoolTaskExecutor - Initializing ExecutorService 'applicationTaskExecutor'
2020-07-22 14:03:41.587 [restartedMain] INFO  o.s.b.a.web.servlet.WelcomePageHandlerMapping - Adding welcome page template: index
2020-07-22 14:03:42.546 [restartedMain] INFO  o.s.b.d.autoconfigure.OptionalLiveReloadServer - LiveReload server is running on port 35729
2020-07-22 14:03:42.556 [restartedMain] INFO  org.apache.coyote.http11.Http11NioProtocol - Starting ProtocolHandler ["http-nio-80"]
2020-07-22 14:03:42.559 [restartedMain] INFO  o.s.boot.web.embedded.tomcat.TomcatWebServer - Tomcat started on port(s): 80 (http) with context path ''
2020-07-22 14:03:42.562 [restartedMain] INFO  com.aioe.test.demo.DemoApplication - Started DemoApplication in 2.473 seconds (JVM running for 11224.599)
2020-07-22 14:03:42.564 [restartedMain] INFO  o.s.b.d.a.ConditionEvaluationDeltaLoggingListener - Condition evaluation unchanged
2020-07-22 14:09:42.474 [http-nio-80-exec-10] INFO  o.a.c.c.ContainerBase.[Tomcat-1].[localhost].[/] - Initializing Spring DispatcherServlet 'dispatcherServlet'
2020-07-22 14:09:42.475 [http-nio-80-exec-10] INFO  org.springframework.web.servlet.DispatcherServlet - Initializing Servlet 'dispatcherServlet'
2020-07-22 14:09:42.486 [http-nio-80-exec-10] INFO  org.springframework.web.servlet.DispatcherServlet - Completed initialization in 10 ms
2020-07-22 14:10:02.190 [http-nio-80-exec-1] INFO  com.zaxxer.hikari.HikariDataSource - HikariPool-2 - Starting...
2020-07-22 14:10:02.196 [http-nio-80-exec-1] INFO  com.zaxxer.hikari.HikariDataSource - HikariPool-2 - Start completed.
2020-07-22 14:31:57.792 [Thread-771] INFO  o.s.scheduling.concurrent.ThreadPoolTaskExecutor - Shutting down ExecutorService 'applicationTaskExecutor'
2020-07-22 14:31:57.793 [Thread-771] INFO  com.zaxxer.hikari.HikariDataSource - HikariPool-2 - Shutdown initiated...
2020-07-22 14:31:57.798 [Thread-771] INFO  com.zaxxer.hikari.HikariDataSource - HikariPool-2 - Shutdown completed.
2020-07-22 14:31:57.986 [restartedMain] INFO  com.aioe.test.demo.DemoApplication - Starting DemoApplication on DESKTOP-EP3EVHL with PID 8660 (D:\workspace\idea\PrivateBlog\target\classes started by lwsoft in D:\workspace\idea\PrivateBlog)
2020-07-22 14:31:57.987 [restartedMain] INFO  com.aioe.test.demo.DemoApplication - The following profiles are active: dev
2020-07-22 14:31:58.168 [restartedMain] INFO  o.s.d.r.config.RepositoryConfigurationDelegate - Multiple Spring Data modules found, entering strict repository configuration mode!
2020-07-22 14:31:58.168 [restartedMain] INFO  o.s.d.r.config.RepositoryConfigurationDelegate - Bootstrapping Spring Data Redis repositories in DEFAULT mode.
2020-07-22 14:31:58.172 [restartedMain] INFO  o.s.d.r.config.RepositoryConfigurationDelegate - Finished Spring Data repository scanning in 4ms. Found 0 Redis repository interfaces.
2020-07-22 14:31:58.317 [restartedMain] INFO  o.s.boot.web.embedded.tomcat.TomcatWebServer - Tomcat initialized with port(s): 80 (http)
2020-07-22 14:31:58.317 [restartedMain] INFO  org.apache.coyote.http11.Http11NioProtocol - Initializing ProtocolHandler ["http-nio-80"]
2020-07-22 14:31:58.317 [restartedMain] INFO  org.apache.catalina.core.StandardService - Starting service [Tomcat]
2020-07-22 14:31:58.317 [restartedMain] INFO  org.apache.catalina.core.StandardEngine - Starting Servlet engine: [Apache Tomcat/9.0.35]
2020-07-22 14:31:58.332 [restartedMain] INFO  o.a.c.c.ContainerBase.[Tomcat-1].[localhost].[/] - Initializing Spring embedded WebApplicationContext
2020-07-22 14:31:58.332 [restartedMain] INFO  org.springframework.web.context.ContextLoader - Root WebApplicationContext: initialization completed in 343 ms
2020-07-22 14:31:58.541 [restartedMain] INFO  o.s.scheduling.concurrent.ThreadPoolTaskExecutor - Initializing ExecutorService 'applicationTaskExecutor'
2020-07-22 14:31:58.575 [restartedMain] INFO  o.s.b.a.web.servlet.WelcomePageHandlerMapping - Adding welcome page template: index
2020-07-22 14:31:58.868 [restartedMain] INFO  o.s.b.d.autoconfigure.OptionalLiveReloadServer - LiveReload server is running on port 35729
2020-07-22 14:31:58.878 [restartedMain] INFO  org.apache.coyote.http11.Http11NioProtocol - Starting ProtocolHandler ["http-nio-80"]
2020-07-22 14:31:58.881 [restartedMain] INFO  o.s.boot.web.embedded.tomcat.TomcatWebServer - Tomcat started on port(s): 80 (http) with context path ''
2020-07-22 14:31:58.884 [restartedMain] INFO  com.aioe.test.demo.DemoApplication - Started DemoApplication in 0.928 seconds (JVM running for 12920.922)
2020-07-22 14:31:58.885 [restartedMain] INFO  o.s.b.d.a.ConditionEvaluationDeltaLoggingListener - Condition evaluation unchanged
2020-07-22 14:59:16.748 [http-nio-80-exec-1] INFO  o.a.c.c.ContainerBase.[Tomcat-1].[localhost].[/] - Initializing Spring DispatcherServlet 'dispatcherServlet'
2020-07-22 14:59:16.749 [http-nio-80-exec-1] INFO  org.springframework.web.servlet.DispatcherServlet - Initializing Servlet 'dispatcherServlet'
2020-07-22 14:59:16.760 [http-nio-80-exec-1] INFO  org.springframework.web.servlet.DispatcherServlet - Completed initialization in 11 ms
2020-07-22 14:59:16.766 [http-nio-80-exec-1] INFO  com.zaxxer.hikari.HikariDataSource - HikariPool-3 - Starting...
2020-07-22 14:59:16.784 [http-nio-80-exec-1] INFO  com.zaxxer.hikari.HikariDataSource - HikariPool-3 - Start completed.
2020-07-22 15:11:16.588 [Thread-1147] INFO  o.s.scheduling.concurrent.ThreadPoolTaskExecutor - Shutting down ExecutorService 'applicationTaskExecutor'
2020-07-22 15:11:16.588 [Thread-1147] INFO  com.zaxxer.hikari.HikariDataSource - HikariPool-3 - Shutdown initiated...
2020-07-22 15:11:16.595 [Thread-1147] INFO  com.zaxxer.hikari.HikariDataSource - HikariPool-3 - Shutdown completed.
2020-07-22 15:11:16.917 [restartedMain] INFO  com.aioe.test.demo.DemoApplication - Starting DemoApplication on DESKTOP-EP3EVHL with PID 8660 (D:\workspace\idea\PrivateBlog\target\classes started by lwsoft in D:\workspace\idea\PrivateBlog)
2020-07-22 15:11:16.918 [restartedMain] INFO  com.aioe.test.demo.DemoApplication - The following profiles are active: dev
2020-07-22 15:11:17.434 [restartedMain] INFO  o.s.d.r.config.RepositoryConfigurationDelegate - Multiple Spring Data modules found, entering strict repository configuration mode!
2020-07-22 15:11:17.434 [restartedMain] INFO  o.s.d.r.config.RepositoryConfigurationDelegate - Bootstrapping Spring Data Redis repositories in DEFAULT mode.
2020-07-22 15:11:17.437 [restartedMain] INFO  o.s.d.r.config.RepositoryConfigurationDelegate - Finished Spring Data repository scanning in 3ms. Found 0 Redis repository interfaces.
2020-07-22 15:11:17.706 [restartedMain] INFO  o.s.boot.web.embedded.tomcat.TomcatWebServer - Tomcat initialized with port(s): 80 (http)
2020-07-22 15:11:17.708 [restartedMain] INFO  org.apache.coyote.http11.Http11NioProtocol - Initializing ProtocolHandler ["http-nio-80"]
2020-07-22 15:11:17.708 [restartedMain] INFO  org.apache.catalina.core.StandardService - Starting service [Tomcat]
2020-07-22 15:11:17.708 [restartedMain] INFO  org.apache.catalina.core.StandardEngine - Starting Servlet engine: [Apache Tomcat/9.0.35]
2020-07-22 15:11:17.739 [restartedMain] INFO  o.a.c.c.ContainerBase.[Tomcat-1].[localhost].[/] - Initializing Spring embedded WebApplicationContext
2020-07-22 15:11:17.739 [restartedMain] INFO  org.springframework.web.context.ContextLoader - Root WebApplicationContext: initialization completed in 819 ms
2020-07-22 15:11:18.137 [restartedMain] INFO  o.s.scheduling.concurrent.ThreadPoolTaskExecutor - Initializing ExecutorService 'applicationTaskExecutor'
2020-07-22 15:11:18.184 [restartedMain] INFO  o.s.b.a.web.servlet.WelcomePageHandlerMapping - Adding welcome page template: index
2020-07-22 15:11:18.636 [restartedMain] INFO  o.s.b.d.autoconfigure.OptionalLiveReloadServer - LiveReload server is running on port 35729
2020-07-22 15:11:18.645 [restartedMain] INFO  org.apache.coyote.http11.Http11NioProtocol - Starting ProtocolHandler ["http-nio-80"]
2020-07-22 15:11:18.647 [restartedMain] INFO  o.s.boot.web.embedded.tomcat.TomcatWebServer - Tomcat started on port(s): 80 (http) with context path ''
2020-07-22 15:11:18.650 [restartedMain] INFO  com.aioe.test.demo.DemoApplication - Started DemoApplication in 1.791 seconds (JVM running for 15280.688)
2020-07-22 15:11:18.651 [restartedMain] INFO  o.s.b.d.a.ConditionEvaluationDeltaLoggingListener - Condition evaluation unchanged
2020-07-22 15:11:18.822 [http-nio-80-exec-1] INFO  o.a.c.c.ContainerBase.[Tomcat-1].[localhost].[/] - Initializing Spring DispatcherServlet 'dispatcherServlet'
2020-07-22 15:11:18.822 [http-nio-80-exec-1] INFO  org.springframework.web.servlet.DispatcherServlet - Initializing Servlet 'dispatcherServlet'
2020-07-22 15:11:18.834 [http-nio-80-exec-1] INFO  org.springframework.web.servlet.DispatcherServlet - Completed initialization in 11 ms
2020-07-22 15:11:18.837 [http-nio-80-exec-1] INFO  com.zaxxer.hikari.HikariDataSource - HikariPool-4 - Starting...
2020-07-22 15:11:18.842 [http-nio-80-exec-1] INFO  com.zaxxer.hikari.HikariDataSource - HikariPool-4 - Start completed.
2020-07-22 15:13:09.857 [Thread-1336] INFO  o.s.scheduling.concurrent.ThreadPoolTaskExecutor - Shutting down ExecutorService 'applicationTaskExecutor'
2020-07-22 15:13:09.857 [Thread-1336] INFO  com.zaxxer.hikari.HikariDataSource - HikariPool-4 - Shutdown initiated...
2020-07-22 15:13:09.864 [Thread-1336] INFO  com.zaxxer.hikari.HikariDataSource - HikariPool-4 - Shutdown completed.
2020-07-22 15:13:10.041 [restartedMain] INFO  com.aioe.test.demo.DemoApplication - Starting DemoApplication on DESKTOP-EP3EVHL with PID 8660 (D:\workspace\idea\PrivateBlog\target\classes started by lwsoft in D:\workspace\idea\PrivateBlog)
2020-07-22 15:13:10.042 [restartedMain] INFO  com.aioe.test.demo.DemoApplication - The following profiles are active: dev
2020-07-22 15:13:10.290 [restartedMain] INFO  o.s.d.r.config.RepositoryConfigurationDelegate - Multiple Spring Data modules found, entering strict repository configuration mode!
2020-07-22 15:13:10.290 [restartedMain] INFO  o.s.d.r.config.RepositoryConfigurationDelegate - Bootstrapping Spring Data Redis repositories in DEFAULT mode.
2020-07-22 15:13:10.294 [restartedMain] INFO  o.s.d.r.config.RepositoryConfigurationDelegate - Finished Spring Data repository scanning in 3ms. Found 0 Redis repository interfaces.
2020-07-22 15:13:10.510 [restartedMain] INFO  o.s.boot.web.embedded.tomcat.TomcatWebServer - Tomcat initialized with port(s): 80 (http)
2020-07-22 15:13:10.510 [restartedMain] INFO  org.apache.coyote.http11.Http11NioProtocol - Initializing ProtocolHandler ["http-nio-80"]
2020-07-22 15:13:10.511 [restartedMain] INFO  org.apache.catalina.core.StandardService - Starting service [Tomcat]
2020-07-22 15:13:10.511 [restartedMain] INFO  org.apache.catalina.core.StandardEngine - Starting Servlet engine: [Apache Tomcat/9.0.35]
2020-07-22 15:13:10.565 [restartedMain] INFO  o.a.c.c.ContainerBase.[Tomcat-1].[localhost].[/] - Initializing Spring embedded WebApplicationContext
2020-07-22 15:13:10.565 [restartedMain] INFO  org.springframework.web.context.ContextLoader - Root WebApplicationContext: initialization completed in 521 ms
2020-07-22 15:13:10.923 [restartedMain] INFO  o.s.scheduling.concurrent.ThreadPoolTaskExecutor - Initializing ExecutorService 'applicationTaskExecutor'
2020-07-22 15:13:10.960 [restartedMain] INFO  o.s.b.a.web.servlet.WelcomePageHandlerMapping - Adding welcome page template: index
2020-07-22 15:13:11.564 [restartedMain] INFO  o.s.b.d.autoconfigure.OptionalLiveReloadServer - LiveReload server is running on port 35729
2020-07-22 15:13:11.573 [restartedMain] INFO  org.apache.coyote.http11.Http11NioProtocol - Starting ProtocolHandler ["http-nio-80"]
2020-07-22 15:13:11.587 [restartedMain] INFO  o.s.boot.web.embedded.tomcat.TomcatWebServer - Tomcat started on port(s): 80 (http) with context path ''
2020-07-22 15:13:11.590 [restartedMain] INFO  com.aioe.test.demo.DemoApplication - Started DemoApplication in 1.579 seconds (JVM running for 15393.628)
2020-07-22 15:13:11.592 [restartedMain] INFO  o.s.b.d.a.ConditionEvaluationDeltaLoggingListener - Condition evaluation unchanged
2020-07-22 15:13:11.666 [http-nio-80-exec-10] INFO  o.a.c.c.ContainerBase.[Tomcat-1].[localhost].[/] - Initializing Spring DispatcherServlet 'dispatcherServlet'
2020-07-22 15:13:11.667 [http-nio-80-exec-10] INFO  org.springframework.web.servlet.DispatcherServlet - Initializing Servlet 'dispatcherServlet'
2020-07-22 15:13:11.676 [http-nio-80-exec-10] INFO  org.springframework.web.servlet.DispatcherServlet - Completed initialization in 9 ms
2020-07-22 15:13:16.488 [http-nio-80-exec-9] INFO  com.zaxxer.hikari.HikariDataSource - HikariPool-5 - Starting...
2020-07-22 15:13:16.498 [http-nio-80-exec-9] INFO  com.zaxxer.hikari.HikariDataSource - HikariPool-5 - Start completed.
2020-07-22 15:16:20.676 [Thread-1525] INFO  o.s.scheduling.concurrent.ThreadPoolTaskExecutor - Shutting down ExecutorService 'applicationTaskExecutor'
2020-07-22 15:16:20.676 [Thread-1525] INFO  com.zaxxer.hikari.HikariDataSource - HikariPool-5 - Shutdown initiated...
2020-07-22 15:16:20.682 [Thread-1525] INFO  com.zaxxer.hikari.HikariDataSource - HikariPool-5 - Shutdown completed.
2020-07-22 15:16:20.821 [restartedMain] INFO  com.aioe.test.demo.DemoApplication - Starting DemoApplication on DESKTOP-EP3EVHL with PID 8660 (D:\workspace\idea\PrivateBlog\target\classes started by lwsoft in D:\workspace\idea\PrivateBlog)
2020-07-22 15:16:20.821 [restartedMain] INFO  com.aioe.test.demo.DemoApplication - The following profiles are active: dev
2020-07-22 15:16:21.200 [restartedMain] INFO  o.s.d.r.config.RepositoryConfigurationDelegate - Multiple Spring Data modules found, entering strict repository configuration mode!
2020-07-22 15:16:21.200 [restartedMain] INFO  o.s.d.r.config.RepositoryConfigurationDelegate - Bootstrapping Spring Data Redis repositories in DEFAULT mode.
2020-07-22 15:16:21.205 [restartedMain] INFO  o.s.d.r.config.RepositoryConfigurationDelegate - Finished Spring Data repository scanning in 4ms. Found 0 Redis repository interfaces.
2020-07-22 15:16:21.448 [restartedMain] INFO  o.s.boot.web.embedded.tomcat.TomcatWebServer - Tomcat initialized with port(s): 80 (http)
2020-07-22 15:16:21.448 [restartedMain] INFO  org.apache.coyote.http11.Http11NioProtocol - Initializing ProtocolHandler ["http-nio-80"]
2020-07-22 15:16:21.448 [restartedMain] INFO  org.apache.catalina.core.StandardService - Starting service [Tomcat]
2020-07-22 15:16:21.448 [restartedMain] INFO  org.apache.catalina.core.StandardEngine - Starting Servlet engine: [Apache Tomcat/9.0.35]
2020-07-22 15:16:21.466 [restartedMain] INFO  o.a.c.c.ContainerBase.[Tomcat-1].[localhost].[/] - Initializing Spring embedded WebApplicationContext
2020-07-22 15:16:21.466 [restartedMain] INFO  org.springframework.web.context.ContextLoader - Root WebApplicationContext: initialization completed in 643 ms
2020-07-22 15:16:21.952 [restartedMain] INFO  o.s.scheduling.concurrent.ThreadPoolTaskExecutor - Initializing ExecutorService 'applicationTaskExecutor'
2020-07-22 15:16:22.174 [restartedMain] INFO  o.s.b.a.web.servlet.WelcomePageHandlerMapping - Adding welcome page template: index
2020-07-22 15:16:22.833 [restartedMain] INFO  o.s.b.d.autoconfigure.OptionalLiveReloadServer - LiveReload server is running on port 35729
2020-07-22 15:16:22.844 [restartedMain] INFO  org.apache.coyote.http11.Http11NioProtocol - Starting ProtocolHandler ["http-nio-80"]
2020-07-22 15:16:22.847 [restartedMain] INFO  o.s.boot.web.embedded.tomcat.TomcatWebServer - Tomcat started on port(s): 80 (http) with context path ''
2020-07-22 15:16:22.851 [restartedMain] INFO  com.aioe.test.demo.DemoApplication - Started DemoApplication in 2.059 seconds (JVM running for 15584.888)
2020-07-22 15:16:22.852 [restartedMain] INFO  o.s.b.d.a.ConditionEvaluationDeltaLoggingListener - Condition evaluation unchanged
2020-07-22 15:17:52.859 [http-nio-80-exec-1] INFO  o.a.c.c.ContainerBase.[Tomcat-1].[localhost].[/] - Initializing Spring DispatcherServlet 'dispatcherServlet'
2020-07-22 15:17:52.877 [http-nio-80-exec-1] INFO  org.springframework.web.servlet.DispatcherServlet - Initializing Servlet 'dispatcherServlet'
2020-07-22 15:17:52.894 [http-nio-80-exec-1] INFO  org.springframework.web.servlet.DispatcherServlet - Completed initialization in 17 ms
2020-07-22 15:17:53.973 [http-nio-80-exec-10] INFO  com.zaxxer.hikari.HikariDataSource - HikariPool-6 - Starting...
2020-07-22 15:17:53.978 [http-nio-80-exec-10] INFO  com.zaxxer.hikari.HikariDataSource - HikariPool-6 - Start completed.
2020-07-22 15:23:21.137 [Thread-1714] INFO  o.s.scheduling.concurrent.ThreadPoolTaskExecutor - Shutting down ExecutorService 'applicationTaskExecutor'
2020-07-22 15:23:21.137 [Thread-1714] INFO  com.zaxxer.hikari.HikariDataSource - HikariPool-6 - Shutdown initiated...
2020-07-22 15:23:21.160 [Thread-1714] INFO  com.zaxxer.hikari.HikariDataSource - HikariPool-6 - Shutdown completed.
2020-07-22 15:23:21.487 [restartedMain] INFO  com.aioe.test.demo.DemoApplication - Starting DemoApplication on DESKTOP-EP3EVHL with PID 8660 (D:\workspace\idea\PrivateBlog\target\classes started by lwsoft in D:\workspace\idea\PrivateBlog)
2020-07-22 15:23:21.487 [restartedMain] INFO  com.aioe.test.demo.DemoApplication - The following profiles are active: dev
2020-07-22 15:23:21.750 [restartedMain] INFO  o.s.d.r.config.RepositoryConfigurationDelegate - Multiple Spring Data modules found, entering strict repository configuration mode!
2020-07-22 15:23:21.750 [restartedMain] INFO  o.s.d.r.config.RepositoryConfigurationDelegate - Bootstrapping Spring Data Redis repositories in DEFAULT mode.
2020-07-22 15:23:21.753 [restartedMain] INFO  o.s.d.r.config.RepositoryConfigurationDelegate - Finished Spring Data repository scanning in 3ms. Found 0 Redis repository interfaces.
2020-07-22 15:23:21.998 [restartedMain] INFO  o.s.boot.web.embedded.tomcat.TomcatWebServer - Tomcat initialized with port(s): 80 (http)
2020-07-22 15:23:22.000 [restartedMain] INFO  org.apache.coyote.http11.Http11NioProtocol - Initializing ProtocolHandler ["http-nio-80"]
2020-07-22 15:23:22.000 [restartedMain] INFO  org.apache.catalina.core.StandardService - Starting service [Tomcat]
2020-07-22 15:23:22.000 [restartedMain] INFO  org.apache.catalina.core.StandardEngine - Starting Servlet engine: [Apache Tomcat/9.0.35]
2020-07-22 15:23:22.029 [restartedMain] INFO  o.a.c.c.ContainerBase.[Tomcat-1].[localhost].[/] - Initializing Spring embedded WebApplicationContext
2020-07-22 15:23:22.029 [restartedMain] INFO  org.springframework.web.context.ContextLoader - Root WebApplicationContext: initialization completed in 537 ms
2020-07-22 15:23:22.559 [restartedMain] INFO  o.s.scheduling.concurrent.ThreadPoolTaskExecutor - Initializing ExecutorService 'applicationTaskExecutor'
2020-07-22 15:23:22.604 [restartedMain] INFO  o.s.b.a.web.servlet.WelcomePageHandlerMapping - Adding welcome page template: index
2020-07-22 15:23:23.069 [restartedMain] INFO  o.s.b.d.autoconfigure.OptionalLiveReloadServer - LiveReload server is running on port 35729
2020-07-22 15:23:23.084 [restartedMain] INFO  org.apache.coyote.http11.Http11NioProtocol - Starting ProtocolHandler ["http-nio-80"]
2020-07-22 15:23:23.087 [restartedMain] INFO  o.s.boot.web.embedded.tomcat.TomcatWebServer - Tomcat started on port(s): 80 (http) with context path ''
2020-07-22 15:23:23.101 [restartedMain] INFO  com.aioe.test.demo.DemoApplication - Started DemoApplication in 1.667 seconds (JVM running for 16005.139)
2020-07-22 15:23:23.110 [restartedMain] INFO  o.s.b.d.a.ConditionEvaluationDeltaLoggingListener - Condition evaluation unchanged
2020-07-22 15:23:26.043 [http-nio-80-exec-10] INFO  o.a.c.c.ContainerBase.[Tomcat-1].[localhost].[/] - Initializing Spring DispatcherServlet 'dispatcherServlet'
2020-07-22 15:23:26.044 [http-nio-80-exec-10] INFO  org.springframework.web.servlet.DispatcherServlet - Initializing Servlet 'dispatcherServlet'
2020-07-22 15:23:26.055 [http-nio-80-exec-10] INFO  org.springframework.web.servlet.DispatcherServlet - Completed initialization in 11 ms
2020-07-22 15:23:27.812 [http-nio-80-exec-1] INFO  com.zaxxer.hikari.HikariDataSource - HikariPool-7 - Starting...
2020-07-22 15:23:27.816 [http-nio-80-exec-1] INFO  com.zaxxer.hikari.HikariDataSource - HikariPool-7 - Start completed.
2020-07-22 15:23:55.011 [Thread-1903] INFO  o.s.scheduling.concurrent.ThreadPoolTaskExecutor - Shutting down ExecutorService 'applicationTaskExecutor'
2020-07-22 15:23:55.012 [Thread-1903] INFO  com.zaxxer.hikari.HikariDataSource - HikariPool-7 - Shutdown initiated...
2020-07-22 15:23:55.027 [Thread-1903] INFO  com.zaxxer.hikari.HikariDataSource - HikariPool-7 - Shutdown completed.
2020-07-22 15:23:55.177 [restartedMain] INFO  com.aioe.test.demo.DemoApplication - Starting DemoApplication on DESKTOP-EP3EVHL with PID 8660 (D:\workspace\idea\PrivateBlog\target\classes started by lwsoft in D:\workspace\idea\PrivateBlog)
2020-07-22 15:23:55.183 [restartedMain] INFO  com.aioe.test.demo.DemoApplication - The following profiles are active: dev
2020-07-22 15:23:55.758 [restartedMain] INFO  o.s.d.r.config.RepositoryConfigurationDelegate - Multiple Spring Data modules found, entering strict repository configuration mode!
2020-07-22 15:23:55.759 [restartedMain] INFO  o.s.d.r.config.RepositoryConfigurationDelegate - Bootstrapping Spring Data Redis repositories in DEFAULT mode.
2020-07-22 15:23:55.777 [restartedMain] INFO  o.s.d.r.config.RepositoryConfigurationDelegate - Finished Spring Data repository scanning in 18ms. Found 0 Redis repository interfaces.
2020-07-22 15:23:56.048 [restartedMain] INFO  o.s.boot.web.embedded.tomcat.TomcatWebServer - Tomcat initialized with port(s): 80 (http)
2020-07-22 15:23:56.048 [restartedMain] INFO  org.apache.coyote.http11.Http11NioProtocol - Initializing ProtocolHandler ["http-nio-80"]
2020-07-22 15:23:56.048 [restartedMain] INFO  org.apache.catalina.core.StandardService - Starting service [Tomcat]
2020-07-22 15:23:56.048 [restartedMain] INFO  org.apache.catalina.core.StandardEngine - Starting Servlet engine: [Apache Tomcat/9.0.35]
2020-07-22 15:23:56.072 [restartedMain] INFO  o.a.c.c.ContainerBase.[Tomcat-1].[localhost].[/] - Initializing Spring embedded WebApplicationContext
2020-07-22 15:23:56.072 [restartedMain] INFO  org.springframework.web.context.ContextLoader - Root WebApplicationContext: initialization completed in 886 ms
2020-07-22 15:23:56.427 [restartedMain] INFO  o.s.scheduling.concurrent.ThreadPoolTaskExecutor - Initializing ExecutorService 'applicationTaskExecutor'
2020-07-22 15:23:56.487 [restartedMain] INFO  o.s.b.a.web.servlet.WelcomePageHandlerMapping - Adding welcome page template: index
2020-07-22 15:23:56.791 [restartedMain] INFO  o.s.b.d.autoconfigure.OptionalLiveReloadServer - LiveReload server is running on port 35729
2020-07-22 15:23:56.798 [restartedMain] INFO  org.apache.coyote.http11.Http11NioProtocol - Starting ProtocolHandler ["http-nio-80"]
2020-07-22 15:23:56.800 [restartedMain] INFO  o.s.boot.web.embedded.tomcat.TomcatWebServer - Tomcat started on port(s): 80 (http) with context path ''
2020-07-22 15:23:56.803 [restartedMain] INFO  com.aioe.test.demo.DemoApplication - Started DemoApplication in 1.67 seconds (JVM running for 16038.841)
2020-07-22 15:23:56.805 [restartedMain] INFO  o.s.b.d.a.ConditionEvaluationDeltaLoggingListener - Condition evaluation unchanged
2020-07-22 15:24:00.497 [http-nio-80-exec-1] INFO  o.a.c.c.ContainerBase.[Tomcat-1].[localhost].[/] - Initializing Spring DispatcherServlet 'dispatcherServlet'
2020-07-22 15:24:00.499 [http-nio-80-exec-1] INFO  org.springframework.web.servlet.DispatcherServlet - Initializing Servlet 'dispatcherServlet'
2020-07-22 15:24:00.515 [http-nio-80-exec-1] INFO  org.springframework.web.servlet.DispatcherServlet - Completed initialization in 16 ms
2020-07-22 15:24:00.517 [http-nio-80-exec-2] INFO  com.zaxxer.hikari.HikariDataSource - HikariPool-8 - Starting...
2020-07-22 15:24:00.521 [http-nio-80-exec-2] INFO  com.zaxxer.hikari.HikariDataSource - HikariPool-8 - Start completed.
2020-07-22 15:33:16.071 [restartedMain] INFO  com.aioe.test.demo.DemoApplication - Starting DemoApplication on DESKTOP-EP3EVHL with PID 5380 (D:\workspace\idea\PrivateBlog\target\classes started by lwsoft in D:\workspace\idea\PrivateBlog)
2020-07-22 15:33:16.075 [restartedMain] INFO  com.aioe.test.demo.DemoApplication - The following profiles are active: dev
2020-07-22 15:33:16.131 [restartedMain] INFO  o.s.b.d.env.DevToolsPropertyDefaultsPostProcessor - Devtools property defaults active! Set 'spring.devtools.add-properties' to 'false' to disable
2020-07-22 15:33:16.131 [restartedMain] INFO  o.s.b.d.env.DevToolsPropertyDefaultsPostProcessor - For additional web related logging consider setting the 'logging.level.web' property to 'DEBUG'
2020-07-22 15:33:16.971 [restartedMain] INFO  o.s.d.r.config.RepositoryConfigurationDelegate - Multiple Spring Data modules found, entering strict repository configuration mode!
2020-07-22 15:33:16.974 [restartedMain] INFO  o.s.d.r.config.RepositoryConfigurationDelegate - Bootstrapping Spring Data Redis repositories in DEFAULT mode.
2020-07-22 15:33:17.026 [restartedMain] INFO  o.s.d.r.config.RepositoryConfigurationDelegate - Finished Spring Data repository scanning in 26ms. Found 0 Redis repository interfaces.
2020-07-22 15:33:18.283 [restartedMain] INFO  o.s.boot.web.embedded.tomcat.TomcatWebServer - Tomcat initialized with port(s): 80 (http)
2020-07-22 15:33:18.293 [restartedMain] INFO  org.apache.coyote.http11.Http11NioProtocol - Initializing ProtocolHandler ["http-nio-80"]
2020-07-22 15:33:18.294 [restartedMain] INFO  org.apache.catalina.core.StandardService - Starting service [Tomcat]
2020-07-22 15:33:18.294 [restartedMain] INFO  org.apache.catalina.core.StandardEngine - Starting Servlet engine: [Apache Tomcat/9.0.35]
2020-07-22 15:33:18.399 [restartedMain] INFO  o.a.c.core.ContainerBase.[Tomcat].[localhost].[/] - Initializing Spring embedded WebApplicationContext
2020-07-22 15:33:18.400 [restartedMain] INFO  org.springframework.web.context.ContextLoader - Root WebApplicationContext: initialization completed in 2266 ms
2020-07-22 15:33:19.305 [restartedMain] INFO  o.s.scheduling.concurrent.ThreadPoolTaskExecutor - Initializing ExecutorService 'applicationTaskExecutor'
2020-07-22 15:33:19.412 [restartedMain] INFO  o.s.b.a.web.servlet.WelcomePageHandlerMapping - Adding welcome page template: index
2020-07-22 15:33:20.497 [restartedMain] INFO  o.s.b.d.autoconfigure.OptionalLiveReloadServer - LiveReload server is running on port 35729
2020-07-22 15:33:20.516 [restartedMain] INFO  org.apache.coyote.http11.Http11NioProtocol - Starting ProtocolHandler ["http-nio-80"]
2020-07-22 15:33:20.546 [restartedMain] INFO  o.s.boot.web.embedded.tomcat.TomcatWebServer - Tomcat started on port(s): 80 (http) with context path ''
2020-07-22 15:33:20.558 [restartedMain] INFO  com.aioe.test.demo.DemoApplication - Started DemoApplication in 5.294 seconds (JVM running for 8.223)
2020-07-22 15:33:25.678 [http-nio-80-exec-1] INFO  o.a.c.core.ContainerBase.[Tomcat].[localhost].[/] - Initializing Spring DispatcherServlet 'dispatcherServlet'
2020-07-22 15:33:25.678 [http-nio-80-exec-1] INFO  org.springframework.web.servlet.DispatcherServlet - Initializing Servlet 'dispatcherServlet'
2020-07-22 15:33:25.694 [http-nio-80-exec-1] INFO  org.springframework.web.servlet.DispatcherServlet - Completed initialization in 16 ms
2020-07-22 15:33:47.752 [http-nio-80-exec-2] INFO  com.zaxxer.hikari.HikariDataSource - HikariPool-1 - Starting...
2020-07-22 15:33:47.998 [http-nio-80-exec-2] INFO  com.zaxxer.hikari.HikariDataSource - HikariPool-1 - Start completed.
2020-07-22 15:34:31.312 [SpringContextShutdownHook] INFO  o.s.scheduling.concurrent.ThreadPoolTaskExecutor - Shutting down ExecutorService 'applicationTaskExecutor'
2020-07-22 15:34:31.312 [SpringContextShutdownHook] INFO  com.zaxxer.hikari.HikariDataSource - HikariPool-1 - Shutdown initiated...
2020-07-22 15:34:31.319 [SpringContextShutdownHook] INFO  com.zaxxer.hikari.HikariDataSource - HikariPool-1 - Shutdown completed.
2020-07-22 15:34:34.940 [restartedMain] INFO  com.aioe.test.demo.DemoApplication - Starting DemoApplication on DESKTOP-EP3EVHL with PID 6424 (D:\workspace\idea\PrivateBlog\target\classes started by lwsoft in D:\workspace\idea\PrivateBlog)
2020-07-22 15:34:34.948 [restartedMain] INFO  com.aioe.test.demo.DemoApplication - The following profiles are active: dev
2020-07-22 15:34:35.069 [restartedMain] INFO  o.s.b.d.env.DevToolsPropertyDefaultsPostProcessor - Devtools property defaults active! Set 'spring.devtools.add-properties' to 'false' to disable
2020-07-22 15:34:35.084 [restartedMain] INFO  o.s.b.d.env.DevToolsPropertyDefaultsPostProcessor - For additional web related logging consider setting the 'logging.level.web' property to 'DEBUG'
2020-07-22 15:34:36.080 [restartedMain] INFO  o.s.d.r.config.RepositoryConfigurationDelegate - Multiple Spring Data modules found, entering strict repository configuration mode!
2020-07-22 15:34:36.083 [restartedMain] INFO  o.s.d.r.config.RepositoryConfigurationDelegate - Bootstrapping Spring Data Redis repositories in DEFAULT mode.
2020-07-22 15:34:36.120 [restartedMain] INFO  o.s.d.r.config.RepositoryConfigurationDelegate - Finished Spring Data repository scanning in 18ms. Found 0 Redis repository interfaces.
2020-07-22 15:34:37.186 [restartedMain] INFO  o.s.boot.web.embedded.tomcat.TomcatWebServer - Tomcat initialized with port(s): 80 (http)
2020-07-22 15:34:37.197 [restartedMain] INFO  org.apache.coyote.http11.Http11NioProtocol - Initializing ProtocolHandler ["http-nio-80"]
2020-07-22 15:34:37.198 [restartedMain] INFO  org.apache.catalina.core.StandardService - Starting service [Tomcat]
2020-07-22 15:34:37.198 [restartedMain] INFO  org.apache.catalina.core.StandardEngine - Starting Servlet engine: [Apache Tomcat/9.0.35]
2020-07-22 15:34:37.346 [restartedMain] INFO  o.a.c.core.ContainerBase.[Tomcat].[localhost].[/] - Initializing Spring embedded WebApplicationContext
2020-07-22 15:34:37.347 [restartedMain] INFO  org.springframework.web.context.ContextLoader - Root WebApplicationContext: initialization completed in 2262 ms
2020-07-22 15:34:38.338 [restartedMain] INFO  o.s.scheduling.concurrent.ThreadPoolTaskExecutor - Initializing ExecutorService 'applicationTaskExecutor'
2020-07-22 15:34:38.444 [restartedMain] INFO  o.s.b.a.web.servlet.WelcomePageHandlerMapping - Adding welcome page template: index
2020-07-22 15:34:39.450 [restartedMain] INFO  o.s.b.d.autoconfigure.OptionalLiveReloadServer - LiveReload server is running on port 35729
2020-07-22 15:34:39.469 [restartedMain] INFO  org.apache.coyote.http11.Http11NioProtocol - Starting ProtocolHandler ["http-nio-80"]
2020-07-22 15:34:39.496 [restartedMain] INFO  o.s.boot.web.embedded.tomcat.TomcatWebServer - Tomcat started on port(s): 80 (http) with context path ''
2020-07-22 15:34:39.507 [restartedMain] INFO  com.aioe.test.demo.DemoApplication - Started DemoApplication in 5.23 seconds (JVM running for 6.872)
2020-07-22 15:34:45.109 [http-nio-80-exec-1] INFO  o.a.c.core.ContainerBase.[Tomcat].[localhost].[/] - Initializing Spring DispatcherServlet 'dispatcherServlet'
2020-07-22 15:34:45.109 [http-nio-80-exec-1] INFO  org.springframework.web.servlet.DispatcherServlet - Initializing Servlet 'dispatcherServlet'
2020-07-22 15:34:45.125 [http-nio-80-exec-1] INFO  org.springframework.web.servlet.DispatcherServlet - Completed initialization in 16 ms
2020-07-22 15:35:26.083 [http-nio-80-exec-10] INFO  com.zaxxer.hikari.HikariDataSource - HikariPool-1 - Starting...
2020-07-22 15:35:26.216 [http-nio-80-exec-10] INFO  com.zaxxer.hikari.HikariDataSource - HikariPool-1 - Start completed.
2020-07-22 15:40:11.984 [SpringContextShutdownHook] INFO  o.s.scheduling.concurrent.ThreadPoolTaskExecutor - Shutting down ExecutorService 'applicationTaskExecutor'
2020-07-22 15:40:11.985 [SpringContextShutdownHook] INFO  com.zaxxer.hikari.HikariDataSource - HikariPool-1 - Shutdown initiated...
2020-07-22 15:40:11.994 [SpringContextShutdownHook] INFO  com.zaxxer.hikari.HikariDataSource - HikariPool-1 - Shutdown completed.
2020-07-22 15:40:14.969 [restartedMain] INFO  com.aioe.test.demo.DemoApplication - Starting DemoApplication on DESKTOP-EP3EVHL with PID 8812 (D:\workspace\idea\PrivateBlog\target\classes started by lwsoft in D:\workspace\idea\PrivateBlog)
2020-07-22 15:40:14.972 [restartedMain] INFO  com.aioe.test.demo.DemoApplication - The following profiles are active: dev
2020-07-22 15:40:15.019 [restartedMain] INFO  o.s.b.d.env.DevToolsPropertyDefaultsPostProcessor - Devtools property defaults active! Set 'spring.devtools.add-properties' to 'false' to disable
2020-07-22 15:40:15.019 [restartedMain] INFO  o.s.b.d.env.DevToolsPropertyDefaultsPostProcessor - For additional web related logging consider setting the 'logging.level.web' property to 'DEBUG'
2020-07-22 15:40:15.819 [restartedMain] INFO  o.s.d.r.config.RepositoryConfigurationDelegate - Multiple Spring Data modules found, entering strict repository configuration mode!
2020-07-22 15:40:15.821 [restartedMain] INFO  o.s.d.r.config.RepositoryConfigurationDelegate - Bootstrapping Spring Data Redis repositories in DEFAULT mode.
2020-07-22 15:40:15.848 [restartedMain] INFO  o.s.d.r.config.RepositoryConfigurationDelegate - Finished Spring Data repository scanning in 14ms. Found 0 Redis repository interfaces.
2020-07-22 15:40:16.626 [restartedMain] INFO  o.s.boot.web.embedded.tomcat.TomcatWebServer - Tomcat initialized with port(s): 80 (http)
2020-07-22 15:40:16.635 [restartedMain] INFO  org.apache.coyote.http11.Http11NioProtocol - Initializing ProtocolHandler ["http-nio-80"]
2020-07-22 15:40:16.635 [restartedMain] INFO  org.apache.catalina.core.StandardService - Starting service [Tomcat]
2020-07-22 15:40:16.636 [restartedMain] INFO  org.apache.catalina.core.StandardEngine - Starting Servlet engine: [Apache Tomcat/9.0.35]
2020-07-22 15:40:16.734 [restartedMain] INFO  o.a.c.core.ContainerBase.[Tomcat].[localhost].[/] - Initializing Spring embedded WebApplicationContext
2020-07-22 15:40:16.734 [restartedMain] INFO  org.springframework.web.context.ContextLoader - Root WebApplicationContext: initialization completed in 1715 ms
2020-07-22 15:40:17.424 [restartedMain] INFO  o.s.scheduling.concurrent.ThreadPoolTaskExecutor - Initializing ExecutorService 'applicationTaskExecutor'
2020-07-22 15:40:17.543 [restartedMain] INFO  o.s.b.a.web.servlet.WelcomePageHandlerMapping - Adding welcome page template: index
2020-07-22 15:40:18.707 [restartedMain] INFO  o.s.b.d.autoconfigure.OptionalLiveReloadServer - LiveReload server is running on port 35729
2020-07-22 15:40:18.724 [restartedMain] INFO  org.apache.coyote.http11.Http11NioProtocol - Starting ProtocolHandler ["http-nio-80"]
2020-07-22 15:40:18.744 [restartedMain] INFO  o.s.boot.web.embedded.tomcat.TomcatWebServer - Tomcat started on port(s): 80 (http) with context path ''
2020-07-22 15:40:18.753 [restartedMain] INFO  com.aioe.test.demo.DemoApplication - Started DemoApplication in 4.279 seconds (JVM running for 5.789)
2020-07-22 15:40:32.914 [http-nio-80-exec-1] INFO  o.a.c.core.ContainerBase.[Tomcat].[localhost].[/] - Initializing Spring DispatcherServlet 'dispatcherServlet'
2020-07-22 15:40:32.914 [http-nio-80-exec-1] INFO  org.springframework.web.servlet.DispatcherServlet - Initializing Servlet 'dispatcherServlet'
2020-07-22 15:40:32.927 [http-nio-80-exec-1] INFO  org.springframework.web.servlet.DispatcherServlet - Completed initialization in 13 ms
2020-07-22 15:40:33.020 [http-nio-80-exec-1] INFO  com.zaxxer.hikari.HikariDataSource - HikariPool-1 - Starting...
2020-07-22 15:40:33.171 [http-nio-80-exec-1] INFO  com.zaxxer.hikari.HikariDataSource - HikariPool-1 - Start completed.
2020-07-22 16:24:31.297 [Thread-196] INFO  o.s.scheduling.concurrent.ThreadPoolTaskExecutor - Shutting down ExecutorService 'applicationTaskExecutor'
2020-07-22 16:24:31.297 [Thread-196] INFO  com.zaxxer.hikari.HikariDataSource - HikariPool-1 - Shutdown initiated...
2020-07-22 16:24:31.322 [Thread-196] INFO  com.zaxxer.hikari.HikariDataSource - HikariPool-1 - Shutdown completed.
2020-07-22 16:24:31.663 [restartedMain] INFO  com.aioe.test.demo.DemoApplication - Starting DemoApplication on DESKTOP-EP3EVHL with PID 8812 (D:\workspace\idea\PrivateBlog\target\classes started by lwsoft in D:\workspace\idea\PrivateBlog)
2020-07-22 16:24:31.663 [restartedMain] INFO  com.aioe.test.demo.DemoApplication - The following profiles are active: dev
2020-07-22 16:24:32.023 [restartedMain] INFO  o.s.d.r.config.RepositoryConfigurationDelegate - Multiple Spring Data modules found, entering strict repository configuration mode!
2020-07-22 16:24:32.023 [restartedMain] INFO  o.s.d.r.config.RepositoryConfigurationDelegate - Bootstrapping Spring Data Redis repositories in DEFAULT mode.
2020-07-22 16:24:32.028 [restartedMain] INFO  o.s.d.r.config.RepositoryConfigurationDelegate - Finished Spring Data repository scanning in 4ms. Found 0 Redis repository interfaces.
2020-07-22 16:24:32.404 [restartedMain] INFO  o.s.boot.web.embedded.tomcat.TomcatWebServer - Tomcat initialized with port(s): 80 (http)
2020-07-22 16:24:32.409 [restartedMain] INFO  org.apache.coyote.http11.Http11NioProtocol - Initializing ProtocolHandler ["http-nio-80"]
2020-07-22 16:24:32.409 [restartedMain] INFO  org.apache.catalina.core.StandardService - Starting service [Tomcat]
2020-07-22 16:24:32.409 [restartedMain] INFO  org.apache.catalina.core.StandardEngine - Starting Servlet engine: [Apache Tomcat/9.0.35]
2020-07-22 16:24:32.522 [restartedMain] INFO  o.a.c.core.ContainerBase.[Tomcat].[localhost].[/] - Initializing Spring embedded WebApplicationContext
2020-07-22 16:24:32.523 [restartedMain] INFO  org.springframework.web.context.ContextLoader - Root WebApplicationContext: initialization completed in 857 ms
2020-07-22 16:24:32.831 [restartedMain] INFO  o.s.scheduling.concurrent.ThreadPoolTaskExecutor - Initializing ExecutorService 'applicationTaskExecutor'
2020-07-22 16:24:32.867 [restartedMain] INFO  o.s.b.a.web.servlet.WelcomePageHandlerMapping - Adding welcome page template: index
2020-07-22 16:24:33.202 [restartedMain] INFO  o.s.b.d.autoconfigure.OptionalLiveReloadServer - LiveReload server is running on port 35729
2020-07-22 16:24:33.212 [restartedMain] INFO  org.apache.coyote.http11.Http11NioProtocol - Starting ProtocolHandler ["http-nio-80"]
2020-07-22 16:24:33.215 [restartedMain] INFO  o.s.boot.web.embedded.tomcat.TomcatWebServer - Tomcat started on port(s): 80 (http) with context path ''
2020-07-22 16:24:33.219 [restartedMain] INFO  com.aioe.test.demo.DemoApplication - Started DemoApplication in 1.595 seconds (JVM running for 2660.255)
2020-07-22 16:24:33.220 [restartedMain] INFO  o.s.b.d.a.ConditionEvaluationDeltaLoggingListener - Condition evaluation unchanged
2020-07-22 16:25:41.775 [http-nio-80-exec-1] INFO  o.a.c.core.ContainerBase.[Tomcat].[localhost].[/] - Initializing Spring DispatcherServlet 'dispatcherServlet'
2020-07-22 16:25:41.778 [http-nio-80-exec-1] INFO  org.springframework.web.servlet.DispatcherServlet - Initializing Servlet 'dispatcherServlet'
2020-07-22 16:25:41.788 [http-nio-80-exec-1] INFO  org.springframework.web.servlet.DispatcherServlet - Completed initialization in 9 ms
2020-07-22 16:25:43.144 [Thread-203] INFO  o.s.scheduling.concurrent.ThreadPoolTaskExecutor - Shutting down ExecutorService 'applicationTaskExecutor'
2020-07-22 16:25:43.817 [restartedMain] INFO  com.aioe.test.demo.DemoApplication - Starting DemoApplication on DESKTOP-EP3EVHL with PID 8812 (D:\workspace\idea\PrivateBlog\target\classes started by lwsoft in D:\workspace\idea\PrivateBlog)
2020-07-22 16:25:43.817 [restartedMain] INFO  com.aioe.test.demo.DemoApplication - The following profiles are active: dev
2020-07-22 16:25:45.248 [restartedMain] INFO  o.s.d.r.config.RepositoryConfigurationDelegate - Multiple Spring Data modules found, entering strict repository configuration mode!
2020-07-22 16:25:45.249 [restartedMain] INFO  o.s.d.r.config.RepositoryConfigurationDelegate - Bootstrapping Spring Data Redis repositories in DEFAULT mode.
2020-07-22 16:25:45.253 [restartedMain] INFO  o.s.d.r.config.RepositoryConfigurationDelegate - Finished Spring Data repository scanning in 3ms. Found 0 Redis repository interfaces.
2020-07-22 16:25:45.415 [restartedMain] INFO  o.s.boot.web.embedded.tomcat.TomcatWebServer - Tomcat initialized with port(s): 80 (http)
2020-07-22 16:25:45.415 [restartedMain] INFO  org.apache.coyote.http11.Http11NioProtocol - Initializing ProtocolHandler ["http-nio-80"]
2020-07-22 16:25:45.415 [restartedMain] INFO  org.apache.catalina.core.StandardService - Starting service [Tomcat]
2020-07-22 16:25:45.416 [restartedMain] INFO  org.apache.catalina.core.StandardEngine - Starting Servlet engine: [Apache Tomcat/9.0.35]
2020-07-22 16:25:45.431 [restartedMain] INFO  o.a.c.core.ContainerBase.[Tomcat].[localhost].[/] - Initializing Spring embedded WebApplicationContext
2020-07-22 16:25:45.431 [restartedMain] INFO  org.springframework.web.context.ContextLoader - Root WebApplicationContext: initialization completed in 1607 ms
2020-07-22 16:25:45.767 [restartedMain] INFO  o.s.scheduling.concurrent.ThreadPoolTaskExecutor - Initializing ExecutorService 'applicationTaskExecutor'
2020-07-22 16:25:45.834 [restartedMain] INFO  o.s.b.a.web.servlet.WelcomePageHandlerMapping - Adding welcome page template: index
2020-07-22 16:25:46.222 [restartedMain] INFO  o.s.b.d.autoconfigure.OptionalLiveReloadServer - LiveReload server is running on port 35729
2020-07-22 16:25:46.231 [restartedMain] INFO  org.apache.coyote.http11.Http11NioProtocol - Starting ProtocolHandler ["http-nio-80"]
2020-07-22 16:25:46.234 [restartedMain] INFO  o.s.boot.web.embedded.tomcat.TomcatWebServer - Tomcat started on port(s): 80 (http) with context path ''
2020-07-22 16:25:46.237 [restartedMain] INFO  com.aioe.test.demo.DemoApplication - Started DemoApplication in 2.583 seconds (JVM running for 2733.274)
2020-07-22 16:25:46.239 [restartedMain] INFO  o.s.b.d.a.ConditionEvaluationDeltaLoggingListener - Condition evaluation unchanged
2020-07-22 16:29:23.956 [http-nio-80-exec-10] INFO  o.a.c.core.ContainerBase.[Tomcat].[localhost].[/] - Initializing Spring DispatcherServlet 'dispatcherServlet'
2020-07-22 16:29:23.957 [http-nio-80-exec-10] INFO  org.springframework.web.servlet.DispatcherServlet - Initializing Servlet 'dispatcherServlet'
2020-07-22 16:29:23.972 [http-nio-80-exec-10] INFO  org.springframework.web.servlet.DispatcherServlet - Completed initialization in 15 ms
2020-07-22 16:30:44.879 [http-nio-80-exec-10] INFO  com.zaxxer.hikari.HikariDataSource - HikariPool-2 - Starting...
2020-07-22 16:30:44.884 [http-nio-80-exec-10] INFO  com.zaxxer.hikari.HikariDataSource - HikariPool-2 - Start completed.
2020-07-22 16:36:17.257 [Thread-392] INFO  o.s.scheduling.concurrent.ThreadPoolTaskExecutor - Shutting down ExecutorService 'applicationTaskExecutor'
2020-07-22 16:36:17.258 [Thread-392] INFO  com.zaxxer.hikari.HikariDataSource - HikariPool-2 - Shutdown initiated...
2020-07-22 16:36:17.263 [Thread-392] INFO  com.zaxxer.hikari.HikariDataSource - HikariPool-2 - Shutdown completed.
2020-07-22 16:36:17.546 [restartedMain] INFO  com.aioe.test.demo.DemoApplication - Starting DemoApplication on DESKTOP-EP3EVHL with PID 8812 (D:\workspace\idea\PrivateBlog\target\classes started by lwsoft in D:\workspace\idea\PrivateBlog)
2020-07-22 16:36:17.547 [restartedMain] INFO  com.aioe.test.demo.DemoApplication - The following profiles are active: dev
2020-07-22 16:36:18.118 [restartedMain] INFO  o.s.d.r.config.RepositoryConfigurationDelegate - Multiple Spring Data modules found, entering strict repository configuration mode!
2020-07-22 16:36:18.118 [restartedMain] INFO  o.s.d.r.config.RepositoryConfigurationDelegate - Bootstrapping Spring Data Redis repositories in DEFAULT mode.
2020-07-22 16:36:18.123 [restartedMain] INFO  o.s.d.r.config.RepositoryConfigurationDelegate - Finished Spring Data repository scanning in 4ms. Found 0 Redis repository interfaces.
2020-07-22 16:36:18.318 [restartedMain] INFO  o.s.boot.web.embedded.tomcat.TomcatWebServer - Tomcat initialized with port(s): 80 (http)
2020-07-22 16:36:18.318 [restartedMain] INFO  org.apache.coyote.http11.Http11NioProtocol - Initializing ProtocolHandler ["http-nio-80"]
2020-07-22 16:36:18.319 [restartedMain] INFO  org.apache.catalina.core.StandardService - Starting service [Tomcat]
2020-07-22 16:36:18.319 [restartedMain] INFO  org.apache.catalina.core.StandardEngine - Starting Servlet engine: [Apache Tomcat/9.0.35]
2020-07-22 16:36:18.346 [restartedMain] INFO  o.a.c.core.ContainerBase.[Tomcat].[localhost].[/] - Initializing Spring embedded WebApplicationContext
2020-07-22 16:36:18.346 [restartedMain] INFO  org.springframework.web.context.ContextLoader - Root WebApplicationContext: initialization completed in 797 ms
2020-07-22 16:36:18.805 [restartedMain] INFO  o.s.scheduling.concurrent.ThreadPoolTaskExecutor - Initializing ExecutorService 'applicationTaskExecutor'
2020-07-22 16:36:18.880 [restartedMain] INFO  o.s.b.a.web.servlet.WelcomePageHandlerMapping - Adding welcome page template: index
2020-07-22 16:36:19.200 [restartedMain] INFO  o.s.b.d.autoconfigure.OptionalLiveReloadServer - LiveReload server is running on port 35729
2020-07-22 16:36:19.208 [restartedMain] INFO  org.apache.coyote.http11.Http11NioProtocol - Starting ProtocolHandler ["http-nio-80"]
2020-07-22 16:36:19.211 [restartedMain] INFO  o.s.boot.web.embedded.tomcat.TomcatWebServer - Tomcat started on port(s): 80 (http) with context path ''
2020-07-22 16:36:19.214 [restartedMain] INFO  com.aioe.test.demo.DemoApplication - Started DemoApplication in 1.717 seconds (JVM running for 3366.25)
2020-07-22 16:36:19.215 [restartedMain] INFO  o.s.b.d.a.ConditionEvaluationDeltaLoggingListener - Condition evaluation unchanged
2020-07-22 16:45:10.116 [Thread-581] INFO  o.s.scheduling.concurrent.ThreadPoolTaskExecutor - Shutting down ExecutorService 'applicationTaskExecutor'
2020-07-22 16:45:10.436 [restartedMain] INFO  com.aioe.test.demo.DemoApplication - Starting DemoApplication on DESKTOP-EP3EVHL with PID 8812 (D:\workspace\idea\PrivateBlog\target\classes started by lwsoft in D:\workspace\idea\PrivateBlog)
2020-07-22 16:45:10.437 [restartedMain] INFO  com.aioe.test.demo.DemoApplication - The following profiles are active: dev
2020-07-22 16:45:11.239 [restartedMain] INFO  o.s.d.r.config.RepositoryConfigurationDelegate - Multiple Spring Data modules found, entering strict repository configuration mode!
2020-07-22 16:45:11.239 [restartedMain] INFO  o.s.d.r.config.RepositoryConfigurationDelegate - Bootstrapping Spring Data Redis repositories in DEFAULT mode.
2020-07-22 16:45:11.250 [restartedMain] INFO  o.s.d.r.config.RepositoryConfigurationDelegate - Finished Spring Data repository scanning in 10ms. Found 0 Redis repository interfaces.
2020-07-22 16:45:11.399 [restartedMain] INFO  o.s.boot.web.embedded.tomcat.TomcatWebServer - Tomcat initialized with port(s): 80 (http)
2020-07-22 16:45:11.399 [restartedMain] INFO  org.apache.coyote.http11.Http11NioProtocol - Initializing ProtocolHandler ["http-nio-80"]
2020-07-22 16:45:11.399 [restartedMain] INFO  org.apache.catalina.core.StandardService - Starting service [Tomcat]
2020-07-22 16:45:11.399 [restartedMain] INFO  org.apache.catalina.core.StandardEngine - Starting Servlet engine: [Apache Tomcat/9.0.35]
2020-07-22 16:45:11.414 [restartedMain] INFO  o.a.c.core.ContainerBase.[Tomcat].[localhost].[/] - Initializing Spring embedded WebApplicationContext
2020-07-22 16:45:11.414 [restartedMain] INFO  org.springframework.web.context.ContextLoader - Root WebApplicationContext: initialization completed in 969 ms
2020-07-22 16:45:11.662 [restartedMain] INFO  o.s.scheduling.concurrent.ThreadPoolTaskExecutor - Initializing ExecutorService 'applicationTaskExecutor'
2020-07-22 16:45:11.717 [restartedMain] INFO  o.s.b.a.web.servlet.WelcomePageHandlerMapping - Adding welcome page template: index
2020-07-22 16:45:12.104 [restartedMain] INFO  o.s.b.d.autoconfigure.OptionalLiveReloadServer - LiveReload server is running on port 35729
2020-07-22 16:45:12.113 [restartedMain] INFO  org.apache.coyote.http11.Http11NioProtocol - Starting ProtocolHandler ["http-nio-80"]
2020-07-22 16:45:12.115 [restartedMain] INFO  o.s.boot.web.embedded.tomcat.TomcatWebServer - Tomcat started on port(s): 80 (http) with context path ''
2020-07-22 16:45:12.118 [restartedMain] INFO  com.aioe.test.demo.DemoApplication - Started DemoApplication in 1.719 seconds (JVM running for 3899.154)
2020-07-22 16:45:12.119 [restartedMain] INFO  o.s.b.d.a.ConditionEvaluationDeltaLoggingListener - Condition evaluation unchanged
2020-07-22 16:46:56.045 [http-nio-80-exec-1] INFO  o.a.c.core.ContainerBase.[Tomcat].[localhost].[/] - Initializing Spring DispatcherServlet 'dispatcherServlet'
2020-07-22 16:46:56.046 [http-nio-80-exec-1] INFO  org.springframework.web.servlet.DispatcherServlet - Initializing Servlet 'dispatcherServlet'
2020-07-22 16:46:56.057 [http-nio-80-exec-1] INFO  org.springframework.web.servlet.DispatcherServlet - Completed initialization in 11 ms
2020-07-22 16:47:01.728 [http-nio-80-exec-8] INFO  com.zaxxer.hikari.HikariDataSource - HikariPool-3 - Starting...
2020-07-22 16:47:01.733 [http-nio-80-exec-8] INFO  com.zaxxer.hikari.HikariDataSource - HikariPool-3 - Start completed.
